2023-07-10T07:59:30: 
2023-07-10T07:59:30:    INFO  Server running on [http://0.0.0.0:8000].  
2023-07-10T07:59:30: 
2023-07-10T07:59:30:   Press Ctrl+C to stop the server
2023-07-10T07:59:30: 
2023-07-10T07:59:31:   2023-07-10 07:59:30 ................................................... ~ 0s
2023-07-10T07:59:31:   2023-07-10 07:59:30 ................................................... ~ 0s
2023-07-10T07:59:31:   2023-07-10 07:59:30 ................................................... ~ 1s
2023-07-10T07:59:31:   2023-07-10 07:59:31 /storage/image/UjGa65ksxI.webp .................... ~ 0s
2023-07-10T07:59:31:   2023-07-10 07:59:31 /storage/image/vaekj8zfzp.webp .................... ~ 0s
2023-07-10T07:59:31:   2023-07-10 07:59:31 /storage/image/pcQTBcLC1d.webp .................... ~ 0s
2023-07-10T07:59:31:   2023-07-10 07:59:31 /storage/image/EbnbXCKvk5.webp .................... ~ 0s
2023-07-10T07:59:31:   2023-07-10 07:59:31 /storage/image/gz5oGKV3SO.png ..................... ~ 0s
2023-07-10T07:59:31:   2023-07-10 07:59:31 /storage/image/mGYE1NZa8v.webp .................... ~ 0s
2023-07-10T07:59:33: 
2023-07-10T07:59:33:    INFO  Server running on [http://0.0.0.0:8000].  
2023-07-10T07:59:33: 
2023-07-10T07:59:33:   Press Ctrl+C to stop the server
2023-07-10T07:59:33: 
2023-07-10T07:59:37: 
2023-07-10T07:59:37:    INFO  Server running on [http://0.0.0.0:8000].  
2023-07-10T07:59:37: 
2023-07-10T07:59:37:   Press Ctrl+C to stop the server
2023-07-10T07:59:37: 
2023-07-10T07:59:42: 
2023-07-10T07:59:42:    INFO  Server running on [http://0.0.0.0:8000].  
2023-07-10T07:59:42: 
2023-07-10T07:59:42:   Press Ctrl+C to stop the server
2023-07-10T07:59:42: 
2023-07-10T07:59:46: 
2023-07-10T07:59:46:    INFO  Server running on [http://0.0.0.0:8000].  
2023-07-10T07:59:46: 
2023-07-10T07:59:46:   Press Ctrl+C to stop the server
2023-07-10T07:59:46: 
2023-07-10T07:59:48: 
2023-07-10T07:59:48:    INFO  Server running on [http://0.0.0.0:8000].  
2023-07-10T07:59:48: 
2023-07-10T07:59:48:   Press Ctrl+C to stop the server
2023-07-10T07:59:48: 
2023-07-10T07:59:50:   2023-07-10 07:59:49 ................................................... ~ 1s
2023-07-10T07:59:50:   2023-07-10 07:59:49 ................................................... ~ 1s
2023-07-10T07:59:51:   2023-07-10 07:59:50
2023-07-10T07:59:51:  /storage/image/l9Pwv2iZDT.jpg ..................... ~ 0s
2023-07-10T07:59:52: 
2023-07-10T07:59:52:    INFO  Server running on [http://0.0.0.0:8000].  
2023-07-10T07:59:52: 
2023-07-10T07:59:52:   Press Ctrl+C to stop the server
2023-07-10T07:59:52: 
2023-07-10T07:59:58: 
2023-07-10T07:59:58:    INFO  Server running on [http://0.0.0.0:8000].  
2023-07-10T07:59:58: 
2023-07-10T07:59:58:   Press Ctrl+C to stop the server
2023-07-10T07:59:58: 
2023-07-10T08:00:02: 
2023-07-10T08:00:02:    INFO  Server running on [http://0.0.0.0:8000].  
2023-07-10T08:00:02: 
2023-07-10T08:00:02:   Press Ctrl+C to stop the server
2023-07-10T08:00:02: 
2023-07-10T08:00:02:   2023-07-10 08:00:01 ................................................... ~ 1s
2023-07-10T08:00:04:   2023-07-10 08:00:04 ................................................... ~ 0s
2023-07-10T08:00:04:   2023-07-10 08:00:04 ................................................... ~ 0s
2023-07-10T08:00:05: 
2023-07-10T08:00:05:    INFO  Server running on [http://0.0.0.0:8000].  
2023-07-10T08:00:05: 
2023-07-10T08:00:05:   Press Ctrl+C to stop the server
2023-07-10T08:00:05: 
2023-07-10T08:00:05:   2023-07-10 08:00:05
2023-07-10T08:00:06:  ................................................... ~ 0s
2023-07-10T08:00:13: 
2023-07-10T08:00:13:    INFO  Server running on [http://0.0.0.0:8000].  
2023-07-10T08:00:13: 
2023-07-10T08:00:13:   Press Ctrl+C to stop the server
2023-07-10T08:00:13: 
2023-07-10T08:00:15:   2023-07-10 08:00:14 ................................................... ~ 0s
2023-07-10T08:00:15:   2023-07-10 08:00:14 ................................................... ~ 1s
2023-07-10T08:00:15:   2023-07-10 08:00:14 ................................................... ~ 1s
2023-07-10T08:00:15:   2023-07-10 08:00:15 /vendor/quill/quill.snow.css ...................... ~ 0s
2023-07-10T08:00:16:   2023-07-10 08:00:15 /vendor/quill/quill.bubble.css .................... ~ 1s
2023-07-10T08:00:16: 
2023-07-10T08:00:16:    INFO  Server running on [http://0.0.0.0:8000].  
2023-07-10T08:00:16: 
2023-07-10T08:00:16:   Press Ctrl+C to stop the server
2023-07-10T08:00:16: 
2023-07-10T08:00:20:   2023-07-10 08:00:20
2023-07-10T08:00:20:  /vendor/simple-datatables/style.css ............... ~ 0s
2023-07-10T08:00:21: 
2023-07-10T08:00:21:    INFO  Server running on [http://0.0.0.0:8000].  
2023-07-10T08:00:21: 
2023-07-10T08:00:21:   Press Ctrl+C to stop the server
2023-07-10T08:00:21: 
2023-07-10T08:00:22:   2023-07-10 08:00:22
2023-07-10T08:00:22:  /css/style.css
2023-07-10T08:00:22:  .................................... ~ 0s
2023-07-10T08:00:22:   2023-07-10 08:00:22 /vendor/bootstrap/js/bootstrap.bundle.min.js ...... ~ 0s
2023-07-10T08:00:23:   2023-07-10 08:00:22
2023-07-10T08:00:23:  /vendor/chart.js/chart.umd.js ..................... ~ 1s
2023-07-10T08:00:23:   2023-07-10 08:00:22 /vendor/simple-datatables/simple-datatables.js .... ~ 1s
2023-07-10T08:00:24:   2023-07-10 08:00:23
2023-07-10T08:00:24:  ................................................... ~ 1s
2023-07-10T08:00:24:   2023-07-10 08:00:24
2023-07-10T08:00:24:  /vendor/php-email-form/validate.js ................
2023-07-10T08:00:24:  ~ 0s
2023-07-10T08:00:24:   2023-07-10 08:00:22 /vendor/echarts/echarts.min.js .................... ~ 2s
2023-07-10T08:00:25: 
2023-07-10T08:00:25:    INFO  Server running on [http://0.0.0.0:8000].  
2023-07-10T08:00:25: 
2023-07-10T08:00:25:   Press Ctrl+C to stop the server
2023-07-10T08:00:25: 
2023-07-10T08:00:25:   2023-07-10 08:00:25 ................................................... ~ 0s
2023-07-10T08:00:25:   2023-07-10 08:00:25 /img/apple-touch-icon.png ......................... ~ 0s
2023-07-10T08:00:25:  ~ 0s
2023-07-10T08:00:25:  ................................................... ~ 0s
2023-07-10T08:00:25:   2023-07-10 08:00:25 /vendor/boxicons/css/boxicons.min.css ............. ~ 0s
2023-07-10T08:00:25:   2023-07-10 08:00:25 /vendor/quill/quill.snow.css ...................... ~ 0s
2023-07-10T08:00:25:   2023-07-10 08:00:25 /vendor/quill/quill.bubble.css .................... ~ 0s
2023-07-10T08:00:25:   2023-07-10 08:00:25 /vendor/bootstrap-icons/bootstrap-icons.css ....... ~ 0s
2023-07-10T08:00:25:  ~ 0s
2023-07-10T08:00:25:   2023-07-10 08:00:25 /vendor/remixicon/remixicon.css ................... ~ 0s
2023-07-10T08:00:26:   2023-07-10 08:00:25
2023-07-10T08:00:26:  /vendor/simple-datatables/style.css ............... ~ 0s
2023-07-10T08:00:26:  ~ 0s
2023-07-10T08:00:26:   2023-07-10 08:00:25 /vendor/bootstrap/js/bootstrap.bundle.min.js ...... ~ 0s
2023-07-10T08:00:26:   2023-07-10 08:00:25 /vendor/simple-datatables/simple-datatables.js .... ~ 0s
2023-07-10T08:00:26:   2023-07-10 08:00:25 /vendor/chart.js/chart.umd.js ..................... ~ 0s
2023-07-10T08:00:26:   2023-07-10 08:00:25 /vendor/quill/quill.snow.css ...................... ~ 1s
2023-07-10T08:00:26:   2023-07-10 08:00:25 /vendor/quill/quill.bubble.css .................... ~ 1s
2023-07-10T08:00:26:  .............. ~ 1s
2023-07-10T08:00:26:   2023-07-10 08:00:25 /vendor/bootstrap-icons/bootstrap-icons.css
2023-07-10T08:00:26:  ....... ~ 1s
2023-07-10T08:00:26:   2023-07-10 08:00:25 /vendor/quill/quill.min.js ........................ ~ 1s
2023-07-10T08:00:26:   2023-07-10 08:00:26 /vendor/php-email-form/validate.js ................ ~ 0s
2023-07-10T08:00:26:   2023-07-10 08:00:26 /js/main.js ....................................... ~ 0s
2023-07-10T08:00:26:   2023-07-10 08:00:26 /vendor/simple-datatables/style.css ............... ~ 0s
2023-07-10T08:00:26:   2023-07-10 08:00:26 /vendor/bootstrap/js/bootstrap.bundle.min.js ...... ~ 0s
2023-07-10T08:00:26:   2023-07-10 08:00:26 /vendor/simple-datatables/simple-datatables.js .... ~ 0s
2023-07-10T08:00:26:   2023-07-10 08:00:25 /vendor/boxicons/css/boxicons.min.css ............. ~ 1s
2023-07-10T08:00:27:   2023-07-10 08:00:26 /vendor/bootstrap-icons/fonts/bootstrap-icons.woff2?24e3eb84d0bcaf83d77f904c78ac1f47  ~ 0s
2023-07-10T08:00:27:   2023-07-10 08:00:26 /css/style.css .................................... ~ 0s
2023-07-10T08:00:27:   2023-07-10 08:00:26 /vendor/chart.js/chart.umd.js ..................... ~ 0s
2023-07-10T08:00:27:  ................ ~ 0s
2023-07-10T08:00:27:   2023-07-10 08:00:26 /js/main.js ....................................... ~ 0s
2023-07-10T08:00:27:   2023-07-10 08:00:25 /vendor/bootstrap/css/bootstrap.min.css ........... ~ 2s
2023-07-10T08:00:28: 
2023-07-10T08:00:28:    INFO  Server running on [http://0.0.0.0:8000].  
2023-07-10T08:00:28: 
2023-07-10T08:00:28:   Press Ctrl+C to stop the server
2023-07-10T08:00:28: 
2023-07-10T08:00:29:   2023-07-10 08:00:29
2023-07-10T08:00:29:  /img/favicon.png
2023-07-10T08:00:29:  .................................. ~ 0s
2023-07-10T08:00:29:   2023-07-10 08:00:29 /img/favicon.png .................................. ~ 0s
2023-07-10T08:00:29:   2023-07-10 08:00:29 /vendor/bootstrap/js/bootstrap.bundle.min.js ...... ~ 0s
2023-07-10T08:00:30:   2023-07-10 08:00:30 ................................................... ~ 0s
2023-07-10T08:00:30:   2023-07-10 08:00:30 ................................................... ~ 0s
2023-07-10T08:00:31: 
2023-07-10T08:00:31:    INFO  Server running on [http://0.0.0.0:8000].  
2023-07-10T08:00:31: 
2023-07-10T08:00:31:   Press Ctrl+C to stop the server
2023-07-10T08:00:31: 
2023-07-10T08:00:32:   2023-07-10 08:00:31
2023-07-10T08:00:32:  /js/main.js
2023-07-10T08:00:32:  ....................................... ~ 0s
2023-07-10T08:00:32:   2023-07-10 08:00:31 /vendor/php-email-form/validate.js ................ ~ 0s
2023-07-10T08:00:32:   2023-07-10 08:00:31 /vendor/bootstrap-icons/fonts/bootstrap-icons.woff?24e3eb84d0bcaf83d77f904c78ac1f47  ~ 0s
2023-07-10T08:00:32:   2023-07-10 08:00:32 /img/favicon.png .................................. ~ 0s
2023-07-10T08:00:32:   2023-07-10 08:00:32 /img/apple-touch-icon.png ......................... ~ 0s
2023-07-10T08:00:33:   2023-07-10 08:00:32 ................................................... ~ 0s
2023-07-10T08:00:33:   2023-07-10 08:00:33 ................................................... ~ 0s
2023-07-10T08:00:33:   2023-07-10 08:00:33 /vendor/bootstrap/css/bootstrap.min.css ........... ~ 0s
2023-07-10T08:00:33:   2023-07-10 08:00:33 /vendor/bootstrap-icons/bootstrap-icons.css ....... ~ 0s
2023-07-10T08:00:33:   2023-07-10 08:00:33 /vendor/quill/quill.bubble.css .................... ~ 0s
2023-07-10T08:00:33:   2023-07-10 08:00:33 /vendor/remixicon/remixicon.css ................... ~ 0s
2023-07-10T08:00:33:   2023-07-10 08:00:33 /vendor/quill/quill.snow.css ...................... ~ 0s
2023-07-10T08:00:33:   2023-07-10 08:00:33 /vendor/boxicons/css/boxicons.min.css ............. ~ 0s
2023-07-10T08:00:33:   2023-07-10 08:00:33 /vendor/simple-datatables/style.css
2023-07-10T08:00:33:  ............... ~ 0s
2023-07-10T08:00:33:  .................................... ~ 0s
2023-07-10T08:00:33:   2023-07-10 08:00:33 /vendor/bootstrap/js/bootstrap.bundle.min.js ...... ~ 0s
2023-07-10T08:00:33:   2023-07-10 08:00:33 /vendor/apexcharts/apexcharts.min.js .............. ~ 0s
2023-07-10T08:00:33:   2023-07-10 08:00:33 /vendor/chart.js/chart.umd.js ..................... ~ 0s
2023-07-10T08:00:33:   2023-07-10 08:00:33 /vendor/echarts/echarts.min.js .................... ~ 0s
2023-07-10T08:00:33:  ~ 0s
2023-07-10T08:00:33:   2023-07-10 08:00:33 /vendor/simple-datatables/simple-datatables.js .... ~ 0s
2023-07-10T08:00:33:   2023-07-10 08:00:33 /vendor/tinymce/tinymce.min.js .................... ~ 0s
2023-07-10T08:00:35: 
2023-07-10T08:00:35:    INFO  Server running on [http://0.0.0.0:8000].  
2023-07-10T08:00:35: 
2023-07-10T08:00:35:   Press Ctrl+C to stop the server
2023-07-10T08:00:35: 
2023-07-10T08:00:52: 
2023-07-10T08:00:52:    INFO  Server running on [http://0.0.0.0:8000].  
2023-07-10T08:00:52: 
2023-07-10T08:00:52:   Press Ctrl+C to stop the server
2023-07-10T08:00:52: 
2023-07-10T08:00:53:   2023-07-10 08:00:52 ................................................... ~ 1s
2023-07-10T08:00:55:   2023-07-10 08:00:54
2023-07-10T08:00:55:  ................................................... ~ 0s
2023-07-10T08:00:55: 
2023-07-10T08:00:55:    INFO  Server running on [http://0.0.0.0:8000].  
2023-07-10T08:00:55: 
2023-07-10T08:00:55:   Press Ctrl+C to stop the server
2023-07-10T08:00:55: 
2023-07-10T08:00:56:   2023-07-10 08:00:55
2023-07-10T08:00:56:  ................................................... ~ 1s
2023-07-10T08:00:56:   2023-07-10 08:00:56 ................................................... ~ 0s
2023-07-10T08:00:56:   2023-07-10 08:00:56 /vendor/quill/quill.bubble.css .................... ~ 0s
2023-07-10T08:00:56:   2023-07-10 08:00:56 /vendor/quill/quill.snow.css ...................... ~ 0s
2023-07-10T08:00:56:   2023-07-10 08:00:56 /vendor/boxicons/css/boxicons.min.css ............. ~ 0s
2023-07-10T08:00:56:  ....... ~ 0s
2023-07-10T08:00:56:   2023-07-10 08:00:56 /vendor/remixicon/remixicon.css ................... ~ 0s
2023-07-10T08:00:56:   2023-07-10 08:00:56 /vendor/simple-datatables/style.css ............... ~ 0s
2023-07-10T08:00:56:   2023-07-10 08:00:56
2023-07-10T08:00:56:  /vendor/bootstrap/css/bootstrap.min.css ........... ~ 0s
2023-07-10T08:00:56:  .................................... ~ 0s
2023-07-10T08:00:56:   2023-07-10 08:00:56 /vendor/bootstrap/js/bootstrap.bundle.min.js ...... ~ 0s
2023-07-10T08:00:57:   2023-07-10 08:00:56
2023-07-10T08:00:57:  /vendor/chart.js/chart.umd.js ..................... ~ 0s
2023-07-10T08:00:57:  ................................................... ~ 1s
2023-07-10T08:00:57:   2023-07-10 08:00:56 /vendor/apexcharts/apexcharts.min.js .............. ~ 1s
2023-07-10T08:00:57:   2023-07-10 08:00:57 /vendor/bootstrap/js/bootstrap.bundle.min.js ...... ~ 0s
2023-07-10T08:00:57:   2023-07-10 08:00:57 /vendor/bootstrap-icons/fonts/bootstrap-icons.woff2?24e3eb84d0bcaf83d77f904c78ac1f47  ~ 0s
2023-07-10T08:00:57:   2023-07-10 08:00:57 /vendor/quill/quill.min.js ........................ ~ 0s
2023-07-10T08:00:57:   2023-07-10 08:00:57 /vendor/simple-datatables/simple-datatables.js .... ~ 0s
2023-07-10T08:00:57:  ~ 0s
2023-07-10T08:00:57:   2023-07-10 08:00:57 /vendor/php-email-form/validate.js ................ ~ 0s
2023-07-10T08:00:58:   2023-07-10 08:00:57 /vendor/quill/quill.min.js ........................ ~ 0s
2023-07-10T08:00:58:   2023-07-10 08:00:57 /vendor/tinymce/tinymce.min.js .................... ~ 1s
2023-07-10T08:00:58:   2023-07-10 08:00:57 /vendor/apexcharts/apexcharts.min.js .............. ~ 1s
2023-07-10T08:00:58:   2023-07-10 08:00:58 /js/main.js ....................................... ~ 0s
2023-07-10T08:00:58:   2023-07-10 08:00:56 /vendor/echarts/echarts.min.js .................... ~ 2s
2023-07-10T08:00:59: 
2023-07-10T08:00:59:    INFO  Server running on [http://0.0.0.0:8000].  
2023-07-10T08:00:59: 
2023-07-10T08:00:59:   Press Ctrl+C to stop the server
2023-07-10T08:00:59: 
2023-07-10T08:01:00:   2023-07-10 08:00:59
2023-07-10T08:01:00:  ................................................... ~ 0s
2023-07-10T08:01:00:   2023-07-10 08:00:59 /vendor/php-email-form/validate.js ................
2023-07-10T08:01:00:  ~ 0s
2023-07-10T08:01:00:  /js/main.js
2023-07-10T08:01:00:  .......................................
2023-07-10T08:01:00:  ~ 0s
2023-07-10T08:01:00:   2023-07-10 08:00:59 /vendor/simple-datatables/simple-datatables.js .... ~ 1s
2023-07-10T08:01:00:   2023-07-10 08:00:59 /vendor/tinymce/tinymce.min.js .................... ~ 1s
2023-07-10T08:01:01:   2023-07-10 08:00:59
2023-07-10T08:01:01:  /vendor/echarts/echarts.min.js .................... ~ 2s
2023-07-10T08:01:01:   2023-07-10 08:01:01 ................................................... ~ 0s
2023-07-10T08:01:02: 
2023-07-10T08:01:02:    INFO  Server running on [http://0.0.0.0:8000].  
2023-07-10T08:01:02: 
2023-07-10T08:01:02:   Press Ctrl+C to stop the server
2023-07-10T08:01:02: 
2023-07-10T08:01:28: 
2023-07-10T08:01:28:    INFO  Server running on [http://0.0.0.0:8000].  
2023-07-10T08:01:28: 
2023-07-10T08:01:28:   Press Ctrl+C to stop the server
2023-07-10T08:01:28: 
2023-07-10T08:01:33: 
2023-07-10T08:01:33:    INFO  Server running on [http://0.0.0.0:8000].  
2023-07-10T08:01:33: 
2023-07-10T08:01:33:   Press Ctrl+C to stop the server
2023-07-10T08:01:33: 
2023-07-10T08:01:36:   2023-07-10 08:01:36 ................................................... ~ 0s
2023-07-10T08:01:37: 
2023-07-10T08:01:37:    INFO  Server running on [http://0.0.0.0:8000].  
2023-07-10T08:01:37: 
2023-07-10T08:01:37:   Press Ctrl+C to stop the server
2023-07-10T08:01:37: 
2023-07-10T08:01:38:   2023-07-10 08:01:38 ................................................... ~ 0s
2023-07-10T08:01:39:   2023-07-10 08:01:38
2023-07-10T08:01:39:  /vendor/bootstrap/css/bootstrap.min.css ........... ~ 0s
2023-07-10T08:01:39:   2023-07-10 08:01:38 /vendor/bootstrap-icons/bootstrap-icons.css ....... ~ 0s
2023-07-10T08:01:39:   2023-07-10 08:01:38 /vendor/boxicons/css/boxicons.min.css ............. ~ 0s
2023-07-10T08:01:39:   2023-07-10 08:01:38 /vendor/quill/quill.snow.css ...................... ~ 0s
2023-07-10T08:01:39:   2023-07-10 08:01:38 /vendor/quill/quill.bubble.css .................... ~ 0s
2023-07-10T08:01:39:   2023-07-10 08:01:38 /vendor/remixicon/remixicon.css ................... ~ 0s
2023-07-10T08:01:39:   2023-07-10 08:01:38 /vendor/simple-datatables/style.css ............... ~ 0s
2023-07-10T08:01:39:   2023-07-10 08:01:38 /css/style.css .................................... ~ 0s
2023-07-10T08:01:39:   2023-07-10 08:01:39 /vendor/bootstrap/js/bootstrap.bundle.min.js ...... ~ 0s
2023-07-10T08:01:39:   2023-07-10 08:01:39
2023-07-10T08:01:39:  /vendor/chart.js/chart.umd.js ..................... ~ 0s
2023-07-10T08:01:39:  /vendor/apexcharts/apexcharts.min.js .............. ~ 1s
2023-07-10T08:01:39:   2023-07-10 08:01:39 /vendor/simple-datatables/simple-datatables.js .... ~ 0s
2023-07-10T08:01:39:   2023-07-10 08:01:39 /vendor/quill/quill.min.js ........................ ~ 0s
2023-07-10T08:01:39:   2023-07-10 08:01:39 /vendor/php-email-form/validate.js ................ ~ 0s
2023-07-10T08:01:39:  ....................................... ~ 0s
2023-07-10T08:01:39:   2023-07-10 08:01:39 /vendor/tinymce/tinymce.min.js .................... ~ 0s
2023-07-10T08:01:40:   2023-07-10 08:01:39
2023-07-10T08:01:40:  /vendor/echarts/echarts.min.js .................... ~ 0s
2023-07-10T08:01:40:  /storage/image/gz5oGKV3SO.png ..................... ~ 0s
2023-07-10T08:01:40:   2023-07-10 08:01:39 /vendor/bootstrap-icons/fonts/bootstrap-icons.woff2?24e3eb84d0bcaf83d77f904c78ac1f47  ~ 0s
2023-07-10T08:01:40: 
2023-07-10T08:01:40:    INFO  Server running on [http://0.0.0.0:8000].  
2023-07-10T08:01:40: 
2023-07-10T08:01:40:   Press Ctrl+C to stop the server
2023-07-10T08:01:40: 
2023-07-10T08:01:43:   2023-07-10 08:01:43
2023-07-10T08:01:43:  ................................................... ~ 0s
2023-07-10T08:01:44: 
2023-07-10T08:01:44:    INFO  Server running on [http://0.0.0.0:8000].  
2023-07-10T08:01:44: 
2023-07-10T08:01:44:   Press Ctrl+C to stop the server
2023-07-10T08:01:44: 
2023-07-10T08:01:44:   2023-07-10 08:01:44 ................................................... ~ 0s
2023-07-10T08:01:45:   2023-07-10 08:01:44
2023-07-10T08:01:45:  ...................................................
2023-07-10T08:01:45:  ~ 0s
2023-07-10T08:01:45:   2023-07-10 08:01:44
2023-07-10T08:01:45:  /vendor/quill/quill.snow.css ...................... ~ 0s
2023-07-10T08:01:45:   2023-07-10 08:01:44 /vendor/quill/quill.bubble.css .................... ~ 0s
2023-07-10T08:01:45:   2023-07-10 08:01:44 /vendor/bootstrap-icons/bootstrap-icons.css ....... ~ 0s
2023-07-10T08:01:45:   2023-07-10 08:01:44 /vendor/boxicons/css/boxicons.min.css ............. ~ 0s
2023-07-10T08:01:45:   2023-07-10 08:01:44 /vendor/bootstrap/css/bootstrap.min.css ........... ~ 1s
2023-07-10T08:01:45:   2023-07-10 08:01:44
2023-07-10T08:01:45:  /vendor/remixicon/remixicon.css ................... ~ 1s
2023-07-10T08:01:45:  ............... ~ 0s
2023-07-10T08:01:45:   2023-07-10 08:01:45 /css/style.css .................................... ~ 0s
2023-07-10T08:01:46:   2023-07-10 08:01:44
2023-07-10T08:01:46:  ................................................... ~ 1s
2023-07-10T08:01:46:   2023-07-10 08:01:46 /vendor/quill/quill.snow.css
2023-07-10T08:01:46:  ......................
2023-07-10T08:01:46:  ~ 0s
2023-07-10T08:01:46:  ....................
2023-07-10T08:01:46:  ~ 0s
2023-07-10T08:01:46:  ...........
2023-07-10T08:01:46:  ~ 1s
2023-07-10T08:01:46:  ....... ~ 0s
2023-07-10T08:01:46:  /vendor/boxicons/css/boxicons.min.css .............
2023-07-10T08:01:46:  ~ 0s
2023-07-10T08:01:46:  /vendor/remixicon/remixicon.css
2023-07-10T08:01:46:  ................... ~ 0s
2023-07-10T08:01:46:   2023-07-10 08:01:46 /vendor/simple-datatables/style.css ............... ~ 0s
2023-07-10T08:01:46:   2023-07-10 08:01:46 /css/style.css .................................... ~ 0s
2023-07-10T08:01:46:   2023-07-10 08:01:46 /vendor/bootstrap/js/bootstrap.bundle.min.js ...... ~ 0s
2023-07-10T08:01:46:   2023-07-10 08:01:46 /vendor/chart.js/chart.umd.js ..................... ~ 0s
2023-07-10T08:01:46:   2023-07-10 08:01:46 /vendor/bootstrap/js/bootstrap.bundle.min.js ...... ~ 0s
2023-07-10T08:01:46:   2023-07-10 08:01:45 /vendor/apexcharts/apexcharts.min.js .............. ~ 1s
2023-07-10T08:01:46:   2023-07-10 08:01:46 /vendor/apexcharts/apexcharts.min.js .............. ~ 0s
2023-07-10T08:01:46:   2023-07-10 08:01:46 /vendor/bootstrap-icons/fonts/bootstrap-icons.woff2?24e3eb84d0bcaf83d77f904c78ac1f47  ~ 0s
2023-07-10T08:01:46:   2023-07-10 08:01:46 /vendor/quill/quill.min.js ........................ ~ 0s
2023-07-10T08:01:46:   2023-07-10 08:01:46 /vendor/simple-datatables/simple-datatables.js .... ~ 0s
2023-07-10T08:01:46:   2023-07-10 08:01:46 /vendor/bootstrap/js/bootstrap.bundle.min.js ...... ~ 0s
2023-07-10T08:01:47:   2023-07-10 08:01:46 /vendor/echarts/echarts.min.js .................... ~ 0s
2023-07-10T08:01:47:   2023-07-10 08:01:46 /vendor/php-email-form/validate.js ................ ~ 0s
2023-07-10T08:01:47:   2023-07-10 08:01:46 /vendor/quill/quill.min.js ........................ ~ 0s
2023-07-10T08:01:47:   2023-07-10 08:01:46 /js/main.js ....................................... ~ 0s
2023-07-10T08:01:47:  ~ 1s
2023-07-10T08:01:47:   2023-07-10 08:01:46 /vendor/tinymce/tinymce.min.js .................... ~ 1s
2023-07-10T08:01:47:   2023-07-10 08:01:47 /vendor/bootstrap-icons/fonts/bootstrap-icons.woff2?24e3eb84d0bcaf83d77f904c78ac1f47  ~ 0s
2023-07-10T08:01:47:   2023-07-10 08:01:47 /vendor/php-email-form/validate.js ................ ~ 0s
2023-07-10T08:01:48: 
2023-07-10T08:01:48:    INFO  Server running on [http://0.0.0.0:8000].  
2023-07-10T08:01:48: 
2023-07-10T08:01:48:   Press Ctrl+C to stop the server
2023-07-10T08:01:48: 
2023-07-10T08:01:49:   2023-07-10 08:01:49 ................................................... ~ 0s
2023-07-10T08:01:50:   2023-07-10 08:01:49
2023-07-10T08:01:50:  /vendor/quill/quill.snow.css ......................
2023-07-10T08:01:50:  ~ 1s
2023-07-10T08:01:50:  /vendor/quill/quill.bubble.css ....................
2023-07-10T08:01:50:  ~ 1s
2023-07-10T08:01:50:   2023-07-10 08:01:49 /vendor/boxicons/css/boxicons.min.css
2023-07-10T08:01:50:  .............
2023-07-10T08:01:50:  ~ 1s
2023-07-10T08:01:50:  ....... ~ 1s
2023-07-10T08:01:50:   2023-07-10 08:01:50
2023-07-10T08:01:50:  ...................................................
2023-07-10T08:01:50:  ~ 0s
2023-07-10T08:01:50:  /vendor/bootstrap/css/bootstrap.min.css
2023-07-10T08:01:50:  ........... ~ 1s
2023-07-10T08:01:50:  ................................................... ~ 0s
2023-07-10T08:01:50:   2023-07-10 08:01:50 /vendor/remixicon/remixicon.css ................... ~ 0s
2023-07-10T08:01:50:   2023-07-10 08:01:50 /vendor/simple-datatables/style.css ............... ~ 0s
2023-07-10T08:01:50:   2023-07-10 08:01:50 /css/style.css .................................... ~ 0s
2023-07-10T08:01:50:   2023-07-10 08:01:50 /storage/image/vaekj8zfzp.webp .................... ~ 0s
2023-07-10T08:01:50:   2023-07-10 08:01:50 /storage/image/EbnbXCKvk5.webp .................... ~ 0s
2023-07-10T08:01:50:   2023-07-10 08:01:50 /storage/image/pcQTBcLC1d.webp .................... ~ 0s
2023-07-10T08:01:50:   2023-07-10 08:01:50 /storage/image/UjGa65ksxI.webp .................... ~ 0s
2023-07-10T08:01:51: 
2023-07-10T08:01:51:    INFO  Server running on [http://0.0.0.0:8000].  
2023-07-10T08:01:51: 
2023-07-10T08:01:51:   Press Ctrl+C to stop the server
2023-07-10T08:01:51: 
2023-07-10T08:01:51:  /vendor/php-email-form/validate.js ................ ~ 0s
2023-07-10T08:01:51:   2023-07-10 08:01:51
2023-07-10T08:01:51:  /js/main.js .......................................
2023-07-10T08:01:51:  ~ 0s
2023-07-10T08:01:51:   2023-07-10 08:01:51 /vendor/simple-datatables/simple-datatables.js .... ~ 0s
2023-07-10T08:01:52:   2023-07-10 08:01:51
2023-07-10T08:01:52:  /vendor/quill/quill.min.js ........................ ~ 1s
2023-07-10T08:01:56:   2023-07-10 08:01:56
2023-07-10T08:01:56:  ................................................... ~ 0s
2023-07-10T08:01:57: 
2023-07-10T08:01:57:    INFO  Server running on [http://0.0.0.0:8000].  
2023-07-10T08:01:57: 
2023-07-10T08:01:57:   Press Ctrl+C to stop the server
2023-07-10T08:01:57: 
2023-07-10T08:01:58:   2023-07-10 08:01:57 ................................................... ~ 0s
2023-07-10T08:01:58:   2023-07-10 08:01:57 ................................................... ~ 0s
2023-07-10T08:01:58:   2023-07-10 08:01:58 /vendor/quill/quill.snow.css ...................... ~ 0s
2023-07-10T08:01:58:   2023-07-10 08:01:58 /vendor/quill/quill.bubble.css .................... ~ 0s
2023-07-10T08:01:59:   2023-07-10 08:01:58 /vendor/boxicons/css/boxicons.min.css ............. ~ 0s
2023-07-10T08:01:59:   2023-07-10 08:01:58
2023-07-10T08:01:59:  /vendor/bootstrap-icons/bootstrap-icons.css ....... ~ 1s
2023-07-10T08:02:02:   2023-07-10 08:01:58 /vendor/bootstrap/css/bootstrap.min.css ........... ~ 3s
2023-07-10T08:02:02:   2023-07-10 08:02:01 /vendor/simple-datatables/style.css ............... ~ 0s
2023-07-10T08:02:02:   2023-07-10 08:01:58 /vendor/remixicon/remixicon.css ................... ~ 4s
2023-07-10T08:02:03: 
2023-07-10T08:02:03:    INFO  Server running on [http://0.0.0.0:8000].  
2023-07-10T08:02:03: 
2023-07-10T08:02:03:   Press Ctrl+C to stop the server
2023-07-10T08:02:03: 
2023-07-10T08:02:08:   2023-07-10 08:02:04
2023-07-10T08:02:08:  /vendor/simple-datatables/simple-datatables.js .... ~ 3s
2023-07-10T08:02:08: 
2023-07-10T08:02:08:    INFO  Server running on [http://0.0.0.0:8000].  
2023-07-10T08:02:08: 
2023-07-10T08:02:08:   Press Ctrl+C to stop the server
2023-07-10T08:02:08: 
2023-07-10T08:02:08:  /vendor/php-email-form/validate.js ................ ~ 0s
2023-07-10T08:02:08:   2023-07-10 08:02:08 /js/main.js ....................................... ~ 0s
2023-07-10T08:02:08:   2023-07-10 08:02:08 /vendor/bootstrap-icons/fonts/bootstrap-icons.woff?24e3eb84d0bcaf83d77f904c78ac1f47  ~ 0s
2023-07-10T08:02:08:   2023-07-10 08:02:08 /vendor/tinymce/tinymce.min.js .................... ~ 0s
2023-07-10T08:02:09:   2023-07-10 08:02:09 /img/favicon.png .................................. ~ 0s
2023-07-10T08:02:09:   2023-07-10 08:02:09 /img/apple-touch-icon.png ......................... ~ 0s
2023-07-10T08:02:11:   2023-07-10 08:02:10 ................................................... ~ 1s
2023-07-10T08:02:11:   2023-07-10 08:02:10 ................................................... ~ 1s
2023-07-10T08:02:12: 
2023-07-10T08:02:12:    INFO  Server running on [http://0.0.0.0:8000].  
2023-07-10T08:02:12: 
2023-07-10T08:02:12:   Press Ctrl+C to stop the server
2023-07-10T08:02:12: 
2023-07-10T08:02:12:   2023-07-10 08:02:11 /vendor/bootstrap/js/bootstrap.bundle.min.js ...... ~ 0s
2023-07-10T08:02:12:   2023-07-10 08:02:11 /vendor/simple-datatables/simple-datatables.js .... ~ 0s
2023-07-10T08:02:12:   2023-07-10 08:02:11 /vendor/chart.js/chart.umd.js ..................... ~ 0s
2023-07-10T08:02:12:   2023-07-10 08:02:11 /vendor/quill/quill.min.js ........................ ~ 1s
2023-07-10T08:02:12:   2023-07-10 08:02:12
2023-07-10T08:02:12:  /vendor/php-email-form/validate.js ................ ~ 0s
2023-07-10T08:02:12:  /js/main.js ....................................... ~ 0s
2023-07-10T08:02:13:   2023-07-10 08:02:12
2023-07-10T08:02:13:  /vendor/tinymce/tinymce.min.js .................... ~ 0s
2023-07-10T08:02:13:   2023-07-10 08:02:12 /storage/image/gz5oGKV3SO.png ..................... ~ 1s
2023-07-10T08:02:13:   2023-07-10 08:02:11 /vendor/apexcharts/apexcharts.min.js .............. ~ 2s
2023-07-10T08:02:13:   2023-07-10 08:02:11 /vendor/echarts/echarts.min.js .................... ~ 2s
2023-07-10T08:02:14:   2023-07-10 08:02:13 /img/favicon.png .................................. ~ 0s
2023-07-10T08:02:14:   2023-07-10 08:02:13 /img/favicon.png .................................. ~ 0s
2023-07-10T08:02:22:   2023-07-10 08:02:14 ................................................... ~ 8s
2023-07-10T08:02:22: 
2023-07-10T08:02:22:    INFO  Server running on [http://0.0.0.0:8000].  
2023-07-10T08:02:22: 
2023-07-10T08:02:22:   Press Ctrl+C to stop the server
2023-07-10T08:02:22: 
2023-07-10T08:02:23:   2023-07-10 08:02:23 /img/favicon.png
2023-07-10T08:02:23:  .................................. ~ 0s
2023-07-10T08:02:23:  .................................. ~ 0s
2023-07-10T08:02:25:   2023-07-10 08:02:25 ................................................... ~ 0s
2023-07-10T08:02:26: 
2023-07-10T08:02:26:    INFO  Server running on [http://0.0.0.0:8000].  
2023-07-10T08:02:26: 
2023-07-10T08:02:26:   Press Ctrl+C to stop the server
2023-07-10T08:02:26: 
2023-07-10T08:02:26:   2023-07-10 08:02:26 /img/favicon.png .................................. ~ 0s
2023-07-10T08:02:26:   2023-07-10 08:02:26 /img/favicon.png .................................. ~ 0s
2023-07-10T08:02:30:   2023-07-10 08:02:27 ................................................... ~ 3s
2023-07-10T08:02:31: 
2023-07-10T08:02:31:    INFO  Server running on [http://0.0.0.0:8000].  
2023-07-10T08:02:31: 
2023-07-10T08:02:31:   Press Ctrl+C to stop the server
2023-07-10T08:02:31: 
2023-07-10T08:02:32:   2023-07-10 08:02:31
2023-07-10T08:02:32:  /img/favicon.png
2023-07-10T08:02:32:  .................................. ~ 0s
2023-07-10T08:02:32:   2023-07-10 08:02:32
2023-07-10T08:02:32:  /img/favicon.png .................................. ~ 0s
2023-07-10T08:02:39:   2023-07-10 08:02:38 ................................................... ~ 1s
2023-07-10T08:02:40: 
2023-07-10T08:02:40:    INFO  Server running on [http://0.0.0.0:8000].  
2023-07-10T08:02:40: 
2023-07-10T08:02:40:   Press Ctrl+C to stop the server
2023-07-10T08:02:40: 
2023-07-10T08:02:40:   2023-07-10 08:02:40
2023-07-10T08:02:40:  ................................................... ~ 0s
2023-07-10T08:02:40:   2023-07-10 08:02:40 ................................................... ~ 0s
2023-07-10T08:02:40:   2023-07-10 08:02:40 /vendor/quill/quill.snow.css ...................... ~ 0s
2023-07-10T08:02:40:   2023-07-10 08:02:40 /vendor/quill/quill.bubble.css .................... ~ 0s
2023-07-10T08:02:40:   2023-07-10 08:02:40 /vendor/quill/quill.snow.css ...................... ~ 0s
2023-07-10T08:02:40:   2023-07-10 08:02:40 /vendor/quill/quill.bubble.css .................... ~ 0s
2023-07-10T08:02:40:   2023-07-10 08:02:40 /vendor/bootstrap-icons/bootstrap-icons.css ....... ~ 0s
2023-07-10T08:02:40:   2023-07-10 08:02:40 /vendor/boxicons/css/boxicons.min.css ............. ~ 0s
2023-07-10T08:02:40:   2023-07-10 08:02:40 /vendor/bootstrap/css/bootstrap.min.css ........... ~ 0s
2023-07-10T08:02:40:  ~ 0s
2023-07-10T08:02:41:   2023-07-10 08:02:40
2023-07-10T08:02:41:  /vendor/bootstrap-icons/bootstrap-icons.css ....... ~ 0s
2023-07-10T08:02:41:   2023-07-10 08:02:40 /vendor/boxicons/css/boxicons.min.css ............. ~ 0s
2023-07-10T08:02:41:   2023-07-10 08:02:40 /vendor/simple-datatables/style.css ............... ~ 0s
2023-07-10T08:02:41:   2023-07-10 08:02:40 /css/style.css .................................... ~ 0s
2023-07-10T08:02:41:   2023-07-10 08:02:40 /vendor/bootstrap/css/bootstrap.min.css ........... ~ 0s
2023-07-10T08:02:41:   2023-07-10 08:02:40 /vendor/simple-datatables/style.css ............... ~ 0s
2023-07-10T08:02:41:   2023-07-10 08:02:40 /css/style.css .................................... ~ 0s
2023-07-10T08:02:41:  ................... ~ 0s
2023-07-10T08:02:41:   2023-07-10 08:02:40 /storage/image/gz5oGKV3SO.png ..................... ~ 0s
2023-07-10T08:02:41:   2023-07-10 08:02:41 /vendor/bootstrap-icons/fonts/bootstrap-icons.woff2?24e3eb84d0bcaf83d77f904c78ac1f47  ~ 0s
2023-07-10T08:02:41:   2023-07-10 08:02:41 /vendor/bootstrap/js/bootstrap.bundle.min.js
2023-07-10T08:02:41:  ...... ~ 0s
2023-07-10T08:02:41:   2023-07-10 08:02:41 /vendor/bootstrap-icons/fonts/bootstrap-icons.woff2?24e3eb84d0bcaf83d77f904c78ac1f47  ~ 0s
2023-07-10T08:02:41:   2023-07-10 08:02:41 /storage/image/gz5oGKV3SO.png ..................... ~ 0s
2023-07-10T08:02:41:   2023-07-10 08:02:41 /vendor/chart.js/chart.umd.js ..................... ~ 0s
2023-07-10T08:02:42:   2023-07-10 08:02:41
2023-07-10T08:02:42:  /vendor/quill/quill.min.js ........................ ~ 0s
2023-07-10T08:02:42:  ~ 1s
2023-07-10T08:02:42:   2023-07-10 08:02:41 /vendor/php-email-form/validate.js ................ ~ 1s
2023-07-10T08:02:42:   2023-07-10 08:02:41 /vendor/simple-datatables/simple-datatables.js .... ~ 1s
2023-07-10T08:02:42:   2023-07-10 08:02:42
2023-07-10T08:02:42:  /js/main.js ....................................... ~ 0s
2023-07-10T08:02:42:   2023-07-10 08:02:41 /vendor/echarts/echarts.min.js .................... ~ 1s
2023-07-10T08:02:42:   2023-07-10 08:02:41 /vendor/tinymce/tinymce.min.js .................... ~ 1s
2023-07-10T08:02:43: 
2023-07-10T08:02:43:    INFO  Server running on [http://0.0.0.0:8000].  
2023-07-10T08:02:43: 
2023-07-10T08:02:43:   Press Ctrl+C to stop the server
2023-07-10T08:02:43: 
2023-07-10T08:02:43:   2023-07-10 08:02:43 /img/favicon.png .................................. ~ 0s
2023-07-10T08:02:46:   2023-07-10 08:02:45 ................................................... ~ 1s
2023-07-10T08:02:47: 
2023-07-10T08:02:47:    INFO  Server running on [http://0.0.0.0:8000].  
2023-07-10T08:02:47: 
2023-07-10T08:02:47:   Press Ctrl+C to stop the server
2023-07-10T08:02:47: 
2023-07-10T08:02:47:   2023-07-10 08:02:47 /img/favicon.png .................................. ~ 0s
2023-07-10T08:02:47:   2023-07-10 08:02:47 /img/favicon.png .................................. ~ 0s
2023-07-10T08:02:49:   2023-07-10 08:02:49
2023-07-10T08:02:49:  ................................................... ~ 0s
2023-07-10T08:02:50: 
2023-07-10T08:02:50:    INFO  Server running on [http://0.0.0.0:8000].  
2023-07-10T08:02:50: 
2023-07-10T08:02:50:   Press Ctrl+C to stop the server
2023-07-10T08:02:50: 
2023-07-10T08:02:50:   2023-07-10 08:02:50 /vendor/quill/quill.bubble.css .................... ~ 0s
2023-07-10T08:02:50:   2023-07-10 08:02:50 /vendor/quill/quill.snow.css ...................... ~ 0s
2023-07-10T08:02:51:   2023-07-10 08:02:50
2023-07-10T08:02:51:  /vendor/bootstrap-icons/bootstrap-icons.css ....... ~ 0s
2023-07-10T08:02:51:   2023-07-10 08:02:50 /vendor/boxicons/css/boxicons.min.css ............. ~ 0s
2023-07-10T08:02:51:  ~ 0s
2023-07-10T08:02:51:   2023-07-10 08:02:50 /vendor/simple-datatables/style.css ............... ~ 0s
2023-07-10T08:02:51:   2023-07-10 08:02:50
2023-07-10T08:02:51:  ...................................................
2023-07-10T08:02:51:  ~ 1s
2023-07-10T08:02:51:   2023-07-10 08:02:50 /vendor/bootstrap/css/bootstrap.min.css ........... ~ 1s
2023-07-10T08:02:51:   2023-07-10 08:02:51 /css/style.css .................................... ~ 0s
2023-07-10T08:02:51:   2023-07-10 08:02:51 /vendor/bootstrap/js/bootstrap.bundle.min.js ...... ~ 0s
2023-07-10T08:02:52:   2023-07-10 08:02:51 /vendor/chart.js/chart.umd.js ..................... ~ 0s
2023-07-10T08:02:52:   2023-07-10 08:02:51 /vendor/bootstrap-icons/fonts/bootstrap-icons.woff2?24e3eb84d0bcaf83d77f904c78ac1f47  ~ 0s
2023-07-10T08:02:52:  ..................... ~ 0s
2023-07-10T08:02:52:   2023-07-10 08:02:52 /vendor/php-email-form/validate.js
2023-07-10T08:02:52:  ................ ~ 0s
2023-07-10T08:02:52:  ~ 1s
2023-07-10T08:02:52:   2023-07-10 08:02:52 /vendor/simple-datatables/simple-datatables.js .... ~ 0s
2023-07-10T08:02:52:   2023-07-10 08:02:52 /js/main.js ....................................... ~ 0s
2023-07-10T08:02:53:   2023-07-10 08:02:51
2023-07-10T08:02:53:  /vendor/apexcharts/apexcharts.min.js .............. ~ 1s
2023-07-10T08:02:53:  .................... ~ 0s
2023-07-10T08:02:53: 
2023-07-10T08:02:53:    INFO  Server running on [http://0.0.0.0:8000].  
2023-07-10T08:02:53: 
2023-07-10T08:02:53:   Press Ctrl+C to stop the server
2023-07-10T08:02:53: 
2023-07-10T08:02:53:  ..................................
2023-07-10T08:02:53:  ~ 0s
2023-07-10T08:02:53:   2023-07-10 08:02:53 /img/favicon.png .................................. ~ 0s
2023-07-10T08:02:56:   2023-07-10 08:02:55 ................................................... ~ 0s
2023-07-10T08:02:56:   2023-07-10 08:02:56 /vendor/quill/quill.snow.css ...................... ~ 0s
2023-07-10T08:02:56:   2023-07-10 08:02:56 /vendor/quill/quill.bubble.css .................... ~ 0s
2023-07-10T08:02:56:   2023-07-10 08:02:55 /vendor/bootstrap/css/bootstrap.min.css ........... ~ 1s
2023-07-10T08:02:56:   2023-07-10 08:02:56 /vendor/boxicons/css/boxicons.min.css ............. ~ 0s
2023-07-10T08:02:56:   2023-07-10 08:02:56 /vendor/bootstrap-icons/bootstrap-icons.css ....... ~ 0s
2023-07-10T08:02:56:   2023-07-10 08:02:56 /vendor/simple-datatables/style.css ............... ~ 0s
2023-07-10T08:02:57: 
2023-07-10T08:02:57:    INFO  Server running on [http://0.0.0.0:8000].  
2023-07-10T08:02:57: 
2023-07-10T08:02:57:   Press Ctrl+C to stop the server
2023-07-10T08:02:57: 
2023-07-10T08:02:57:   2023-07-10 08:02:57
2023-07-10T08:02:57:  /storage/image/gz5oGKV3SO.png .....................
2023-07-10T08:02:57:  ~ 0s
2023-07-10T08:02:57:   2023-07-10 08:02:57 /img/favicon.png .................................. ~ 0s
2023-07-10T08:02:57:   2023-07-10 08:02:57 /img/favicon.png .................................. ~ 0s
2023-07-10T08:03:05:   2023-07-10 08:03:04 ................................................... ~ 1s
2023-07-10T08:03:06: 
2023-07-10T08:03:06:    INFO  Server running on [http://0.0.0.0:8000].  
2023-07-10T08:03:06: 
2023-07-10T08:03:06:   Press Ctrl+C to stop the server
2023-07-10T08:03:06: 
2023-07-10T08:03:06:   2023-07-10 08:03:05
2023-07-10T08:03:06:  ................................................... ~ 1s
2023-07-10T08:03:06:   2023-07-10 08:03:06 /img/favicon.png .................................. ~ 0s
2023-07-10T08:03:06:   2023-07-10 08:03:06 /img/favicon.png .................................. ~ 0s
2023-07-10T08:03:06:   2023-07-10 08:03:06 /vendor/quill/quill.snow.css ...................... ~ 0s
2023-07-10T08:03:06:   2023-07-10 08:03:06 /vendor/quill/quill.bubble.css .................... ~ 0s
2023-07-10T08:03:06:   2023-07-10 08:03:06 /vendor/bootstrap-icons/bootstrap-icons.css ....... ~ 0s
2023-07-10T08:03:06:   2023-07-10 08:03:06 /vendor/boxicons/css/boxicons.min.css ............. ~ 0s
2023-07-10T08:03:06:   2023-07-10 08:03:06 /vendor/remixicon/remixicon.css ................... ~ 0s
2023-07-10T08:03:07:   2023-07-10 08:03:06 /vendor/bootstrap/css/bootstrap.min.css ........... ~ 0s
2023-07-10T08:03:07:   2023-07-10 08:03:06 /vendor/simple-datatables/style.css ............... ~ 0s
2023-07-10T08:03:07:   2023-07-10 08:03:06 /css/style.css .................................... ~ 0s
2023-07-10T08:03:07:   2023-07-10 08:03:06 /vendor/bootstrap/js/bootstrap.bundle.min.js ...... ~ 0s
2023-07-10T08:03:07:   2023-07-10 08:03:06 /vendor/chart.js/chart.umd.js ..................... ~ 1s
2023-07-10T08:03:07:   2023-07-10 08:03:06 /vendor/quill/quill.min.js ........................ ~ 1s
2023-07-10T08:03:07:  /vendor/bootstrap-icons/fonts/bootstrap-icons.woff2?24e3eb84d0bcaf83d77f904c78ac1f47  ~ 1s
2023-07-10T08:03:07:   2023-07-10 08:03:07 /vendor/simple-datatables/simple-datatables.js .... ~ 0s
2023-07-10T08:03:07:   2023-07-10 08:03:07 /vendor/php-email-form/validate.js ................ ~ 0s
2023-07-10T08:03:08:   2023-07-10 08:03:07
2023-07-10T08:03:08:  /storage/image/gz5oGKV3SO.png ..................... ~ 0s
2023-07-10T08:03:08:  ....................................... ~ 0s
2023-07-10T08:03:08:   2023-07-10 08:03:06 /vendor/apexcharts/apexcharts.min.js .............. ~ 1s
2023-07-10T08:03:08:   2023-07-10 08:03:07 /vendor/tinymce/tinymce.min.js .................... ~ 0s
2023-07-10T08:03:08:   2023-07-10 08:03:06 /vendor/echarts/echarts.min.js
2023-07-10T08:03:08:  .................... ~ 2s
2023-07-10T08:03:09: 
2023-07-10T08:03:09:    INFO  Server running on [http://0.0.0.0:8000].  
2023-07-10T08:03:09: 
2023-07-10T08:03:09:   Press Ctrl+C to stop the server
2023-07-10T08:03:09: 
2023-07-10T08:03:09:   2023-07-10 08:03:09 /img/favicon.png
2023-07-10T08:03:09:  .................................. ~ 0s
2023-07-10T08:03:13:   2023-07-10 08:03:13
2023-07-10T08:03:13:  /img/favicon.png .................................. ~ 0s
2023-07-10T08:03:14: 
2023-07-10T08:03:14:    INFO  Server running on [http://0.0.0.0:8000].  
2023-07-10T08:03:14: 
2023-07-10T08:03:14:   Press Ctrl+C to stop the server
2023-07-10T08:03:14: 
2023-07-10T08:03:16:   2023-07-10 08:03:16 ................................................... ~ 0s
2023-07-10T08:03:16:   2023-07-10 08:03:16 /vendor/bootstrap/css/bootstrap.min.css ........... ~ 0s
2023-07-10T08:03:16:   2023-07-10 08:03:16 /vendor/bootstrap-icons/bootstrap-icons.css ....... ~ 0s
2023-07-10T08:03:16:   2023-07-10 08:03:16 /vendor/boxicons/css/boxicons.min.css ............. ~ 0s
2023-07-10T08:03:16:  ~ 0s
2023-07-10T08:03:16:   2023-07-10 08:03:16 /vendor/quill/quill.bubble.css .................... ~ 0s
2023-07-10T08:03:16:   2023-07-10 08:03:16 /vendor/remixicon/remixicon.css ................... ~ 0s
2023-07-10T08:03:16:  ............... ~ 0s
2023-07-10T08:03:16:   2023-07-10 08:03:16 /vendor/apexcharts/apexcharts.min.js .............. ~ 0s
2023-07-10T08:03:16:   2023-07-10 08:03:16 /css/style.css .................................... ~ 0s
2023-07-10T08:03:17: 
2023-07-10T08:03:17:    INFO  Server running on [http://0.0.0.0:8000].  
2023-07-10T08:03:17: 
2023-07-10T08:03:17:   Press Ctrl+C to stop the server
2023-07-10T08:03:17: 
2023-07-10T08:03:17:  /img/favicon.png
2023-07-10T08:03:17:  ..................................
2023-07-10T08:03:17:  ~ 0s
2023-07-10T08:03:17:  /img/favicon.png
2023-07-10T08:03:17:  ..................................
2023-07-10T08:03:17:  ~ 0s
2023-07-10T08:03:59: 
2023-07-10T08:03:59:    INFO  Server running on [http://0.0.0.0:8000].  
2023-07-10T08:03:59: 
2023-07-10T08:03:59:   Press Ctrl+C to stop the server
2023-07-10T08:03:59: 
2023-07-10T08:04:27: 
2023-07-10T08:04:27:    INFO  Server running on [http://0.0.0.0:8000].  
2023-07-10T08:04:27: 
2023-07-10T08:04:27:   Press Ctrl+C to stop the server
2023-07-10T08:04:27: 
2023-07-10T08:04:31: 
2023-07-10T08:04:31:    INFO  Server running on [http://0.0.0.0:8000].  
2023-07-10T08:04:31: 
2023-07-10T08:04:31:   Press Ctrl+C to stop the server
2023-07-10T08:04:31: 
2023-07-10T08:04:33:   2023-07-10 08:04:33 ................................................... ~ 0s
2023-07-10T08:04:36: 
2023-07-10T08:04:36:    INFO  Server running on [http://0.0.0.0:8000].  
2023-07-10T08:04:36: 
2023-07-10T08:04:36:   Press Ctrl+C to stop the server
2023-07-10T08:04:36: 
2023-07-10T08:04:36:   2023-07-10 08:04:35
2023-07-10T08:04:36:  ................................................... ~ 1s
2023-07-10T08:04:38:   2023-07-10 08:04:37
2023-07-10T08:04:38:  ...................................................
2023-07-10T08:04:38:  ~ 0s
2023-07-10T08:04:39: 
2023-07-10T08:04:39:    INFO  Server running on [http://0.0.0.0:8000].  
2023-07-10T08:04:39: 
2023-07-10T08:04:39:   Press Ctrl+C to stop the server
2023-07-10T08:04:39: 
2023-07-10T08:04:40:   2023-07-10 08:04:40
2023-07-10T08:04:40:  ................................................... ~ 0s
2023-07-10T08:04:41:   2023-07-10 08:04:41 ................................................... ~ 0s
2023-07-10T08:04:43: 
2023-07-10T08:04:43:    INFO  Server running on [http://0.0.0.0:8000].  
2023-07-10T08:04:43: 
2023-07-10T08:04:43:   Press Ctrl+C to stop the server
2023-07-10T08:04:43: 
2023-07-10T08:04:44:   2023-07-10 08:04:43
2023-07-10T08:04:44:  ................................................... ~ 1s
2023-07-10T08:04:51: 
2023-07-10T08:04:51:    INFO  Server running on [http://0.0.0.0:8000].  
2023-07-10T08:04:51: 
2023-07-10T08:04:51:   Press Ctrl+C to stop the server
2023-07-10T08:04:51: 
2023-07-10T08:04:52:   2023-07-10 08:04:51
2023-07-10T08:04:52:  ................................................... ~ 1s
2023-07-10T08:04:53:   2023-07-10 08:04:53 ................................................... ~ 0s
2023-07-10T08:04:54: 
2023-07-10T08:04:54:    INFO  Server running on [http://0.0.0.0:8000].  
2023-07-10T08:04:54: 
2023-07-10T08:04:54:   Press Ctrl+C to stop the server
2023-07-10T08:04:54: 
2023-07-10T08:04:55:   2023-07-10 08:04:54
2023-07-10T08:04:55:  ................................................... ~ 1s
2023-07-10T08:04:56:   2023-07-10 08:04:56
2023-07-10T08:04:56:  ................................................... ~ 0s
2023-07-10T08:04:59: 
2023-07-10T08:04:59:    INFO  Server running on [http://0.0.0.0:8000].  
2023-07-10T08:04:59: 
2023-07-10T08:04:59:   Press Ctrl+C to stop the server
2023-07-10T08:04:59: 
2023-07-10T08:05:01:   2023-07-10 08:05:00 ................................................... ~ 1s
2023-07-10T08:05:03: 
2023-07-10T08:05:03:    INFO  Server running on [http://0.0.0.0:8000].  
2023-07-10T08:05:03: 
2023-07-10T08:05:03:   Press Ctrl+C to stop the server
2023-07-10T08:05:03: 
2023-07-10T08:05:05:   2023-07-10 08:05:05
2023-07-10T08:05:06:  ................................................... ~ 0s
2023-07-10T08:05:06: 
2023-07-10T08:05:06:    INFO  Server running on [http://0.0.0.0:8000].  
2023-07-10T08:05:06: 
2023-07-10T08:05:06:   Press Ctrl+C to stop the server
2023-07-10T08:05:06: 
2023-07-10T08:05:11: 
2023-07-10T08:05:11:    INFO  Server running on [http://0.0.0.0:8000].  
2023-07-10T08:05:11: 
2023-07-10T08:05:11:   Press Ctrl+C to stop the server
2023-07-10T08:05:11: 
2023-07-10T08:05:12:   2023-07-10 08:05:11
2023-07-10T08:05:12:  ................................................... ~ 1s
2023-07-10T08:05:15:   2023-07-10 08:05:15 ................................................... ~ 0s
2023-07-10T08:05:16: 
2023-07-10T08:05:16:    INFO  Server running on [http://0.0.0.0:8000].  
2023-07-10T08:05:16: 
2023-07-10T08:05:16:   Press Ctrl+C to stop the server
2023-07-10T08:05:16: 
2023-07-10T08:05:18:   2023-07-10 08:05:18 ................................................... ~ 0s
2023-07-10T08:05:19: 
2023-07-10T08:05:19:    INFO  Server running on [http://0.0.0.0:8000].  
2023-07-10T08:05:19: 
2023-07-10T08:05:19:   Press Ctrl+C to stop the server
2023-07-10T08:05:19: 
2023-07-10T08:05:20:   2023-07-10 08:05:20
2023-07-10T08:05:20:  ................................................... ~ 0s
2023-07-10T08:05:27:   2023-07-10 08:05:27 ................................................... ~ 0s
2023-07-10T08:05:28: 
2023-07-10T08:05:28:    INFO  Server running on [http://0.0.0.0:8000].  
2023-07-10T08:05:28: 
2023-07-10T08:05:28:   Press Ctrl+C to stop the server
2023-07-10T08:05:28: 
2023-07-10T08:05:28:   2023-07-10 08:05:28 ................................................... ~ 0s
2023-07-10T08:05:30:   2023-07-10 08:05:29
2023-07-10T08:05:30:  ................................................... ~ 0s
2023-07-10T08:05:31:   2023-07-10 08:05:31 ................................................... ~ 0s
2023-07-10T08:05:32: 
2023-07-10T08:05:32:    INFO  Server running on [http://0.0.0.0:8000].  
2023-07-10T08:05:32: 
2023-07-10T08:05:32:   Press Ctrl+C to stop the server
2023-07-10T08:05:32: 
2023-07-10T08:05:32:   2023-07-10 08:05:32 ................................................... ~ 0s
2023-07-10T08:05:48:   2023-07-10 08:05:48 ................................................... ~ 0s
2023-07-10T08:05:48: 
2023-07-10T08:05:48:    INFO  Server running on [http://0.0.0.0:8000].  
2023-07-10T08:05:48: 
2023-07-10T08:05:48:   Press Ctrl+C to stop the server
2023-07-10T08:05:48: 
2023-07-10T08:05:56: 
2023-07-10T08:05:56:    INFO  Server running on [http://0.0.0.0:8000].  
2023-07-10T08:05:56: 
2023-07-10T08:05:56:   Press Ctrl+C to stop the server
2023-07-10T08:05:56: 
2023-07-10T08:06:10: 
2023-07-10T08:06:10:    INFO  Server running on [http://0.0.0.0:8000].  
2023-07-10T08:06:10: 
2023-07-10T08:06:10:   Press Ctrl+C to stop the server
2023-07-10T08:06:10: 
2023-07-10T08:06:59: 
2023-07-10T08:06:59:    INFO  Server running on [http://0.0.0.0:8000].  
2023-07-10T08:06:59: 
2023-07-10T08:06:59:   Press Ctrl+C to stop the server
2023-07-10T08:06:59: 
2023-07-10T08:06:59:   2023-07-10 08:06:59 ................................................... ~ 0s
2023-07-10T08:07:01:   2023-07-10 08:07:00 ................................................... ~ 0s
2023-07-10T08:07:01:   2023-07-10 08:07:01 ................................................... ~ 0s
2023-07-10T08:07:02: 
2023-07-10T08:07:02:    INFO  Server running on [http://0.0.0.0:8000].  
2023-07-10T08:07:02: 
2023-07-10T08:07:02:   Press Ctrl+C to stop the server
2023-07-10T08:07:02: 
2023-07-10T08:07:02:   2023-07-10 08:07:02
2023-07-10T08:07:02:  ................................................... ~ 0s
2023-07-10T08:07:03:   2023-07-10 08:07:03
2023-07-10T08:07:03:  ................................................... ~ 0s
2023-07-10T08:07:04:   2023-07-10 08:07:04 ................................................... ~ 0s
2023-07-10T08:07:05: 
2023-07-10T08:07:05:    INFO  Server running on [http://0.0.0.0:8000].  
2023-07-10T08:07:05: 
2023-07-10T08:07:05:   Press Ctrl+C to stop the server
2023-07-10T08:07:05: 
2023-07-10T08:07:06:   2023-07-10 08:07:06
2023-07-10T08:07:06:  ................................................... ~ 0s
2023-07-10T08:07:10:   2023-07-10 08:07:10 ................................................... ~ 0s
2023-07-10T08:07:11: 
2023-07-10T08:07:11:    INFO  Server running on [http://0.0.0.0:8000].  
2023-07-10T08:07:11: 
2023-07-10T08:07:11:   Press Ctrl+C to stop the server
2023-07-10T08:07:11: 
2023-07-10T08:07:15: 
2023-07-10T08:07:15:    INFO  Server running on [http://0.0.0.0:8000].  
2023-07-10T08:07:15: 
2023-07-10T08:07:15:   Press Ctrl+C to stop the server
2023-07-10T08:07:15: 
2023-07-10T08:07:19: 
2023-07-10T08:07:19:    INFO  Server running on [http://0.0.0.0:8000].  
2023-07-10T08:07:19: 
2023-07-10T08:07:19:   Press Ctrl+C to stop the server
2023-07-10T08:07:19: 
2023-07-10T08:07:20:   2023-07-10 08:07:19 ................................................... ~ 1s
2023-07-10T08:07:21:   2023-07-10 08:07:21 ................................................... ~ 0s
2023-07-10T08:07:22: 
2023-07-10T08:07:22:    INFO  Server running on [http://0.0.0.0:8000].  
2023-07-10T08:07:22: 
2023-07-10T08:07:22:   Press Ctrl+C to stop the server
2023-07-10T08:07:22: 
2023-07-10T08:07:23:   2023-07-10 08:07:22 ................................................... ~ 0s
2023-07-10T08:07:24:   2023-07-10 08:07:24
2023-07-10T08:07:24:  ................................................... ~ 0s
2023-07-10T08:07:27:   2023-07-10 08:07:27 ................................................... ~ 0s
2023-07-10T08:07:28: 
2023-07-10T08:07:28:    INFO  Server running on [http://0.0.0.0:8000].  
2023-07-10T08:07:28: 
2023-07-10T08:07:28:   Press Ctrl+C to stop the server
2023-07-10T08:07:28: 
2023-07-10T08:07:29:   2023-07-10 08:07:28
2023-07-10T08:07:29:  ................................................... ~ 0s
2023-07-10T08:07:30:   2023-07-10 08:07:29
2023-07-10T08:07:30:  ...................................................
2023-07-10T08:07:30:  ~ 0s
2023-07-10T08:07:32:   2023-07-10 08:07:32 ................................................... ~ 0s
2023-07-10T08:07:33: 
2023-07-10T08:07:33:    INFO  Server running on [http://0.0.0.0:8000].  
2023-07-10T08:07:33: 
2023-07-10T08:07:33:   Press Ctrl+C to stop the server
2023-07-10T08:07:33: 
2023-07-10T08:07:47: 
2023-07-10T08:07:47:    INFO  Server running on [http://0.0.0.0:8000].  
2023-07-10T08:07:47: 
2023-07-10T08:07:47:   Press Ctrl+C to stop the server
2023-07-10T08:07:47: 
2023-07-10T08:07:47:   2023-07-10 08:07:47
2023-07-10T08:07:47:  ................................................... ~ 0s
2023-07-10T08:07:49:   2023-07-10 08:07:49
2023-07-10T08:07:49:  ...................................................
2023-07-10T08:07:49:  ~ 0s
2023-07-10T08:07:52:   2023-07-10 08:07:52 ................................................... ~ 0s
2023-07-10T08:07:52: 
2023-07-10T08:07:52:    INFO  Server running on [http://0.0.0.0:8000].  
2023-07-10T08:07:52: 
2023-07-10T08:07:52:   Press Ctrl+C to stop the server
2023-07-10T08:07:52: 
2023-07-10T08:07:54:   2023-07-10 08:07:53
2023-07-10T08:07:54:  ................................................... ~ 1s
2023-07-10T08:07:56:   2023-07-10 08:07:55 ................................................... ~ 1s
2023-07-10T08:07:56: 
2023-07-10T08:07:56:    INFO  Server running on [http://0.0.0.0:8000].  
2023-07-10T08:07:56: 
2023-07-10T08:07:56:   Press Ctrl+C to stop the server
2023-07-10T08:07:56: 
2023-07-10T08:08:44: 
2023-07-10T08:08:44:    INFO  Server running on [http://0.0.0.0:8000].  
2023-07-10T08:08:44: 
2023-07-10T08:08:44:   Press Ctrl+C to stop the server
2023-07-10T08:08:44: 
2023-07-10T08:08:45:   2023-07-10 08:08:45
2023-07-10T08:08:45:  ................................................... ~ 0s
2023-07-10T08:08:46:   2023-07-10 08:08:46 ................................................... ~ 0s
2023-07-10T08:08:47: 
2023-07-10T08:08:47:    INFO  Server running on [http://0.0.0.0:8000].  
2023-07-10T08:08:47: 
2023-07-10T08:08:47:   Press Ctrl+C to stop the server
2023-07-10T08:08:47: 
2023-07-10T08:08:48:   2023-07-10 08:08:47 ................................................... ~ 1s
2023-07-10T08:08:49:   2023-07-10 08:08:49
2023-07-10T08:08:49:  ................................................... ~ 0s
2023-07-10T08:09:03:   2023-07-10 08:09:03 ................................................... ~ 0s
2023-07-10T08:09:04: 
2023-07-10T08:09:04:    INFO  Server running on [http://0.0.0.0:8000].  
2023-07-10T08:09:04: 
2023-07-10T08:09:04:   Press Ctrl+C to stop the server
2023-07-10T08:09:04: 
2023-07-10T08:09:04:   2023-07-10 08:09:04
2023-07-10T08:09:04:  ................................................... ~ 0s
2023-07-10T08:09:06:   2023-07-10 08:09:05 ................................................... ~ 0s
2023-07-10T08:09:06:   2023-07-10 08:09:06 ................................................... ~ 0s
2023-07-10T08:09:07: 
2023-07-10T08:09:07:    INFO  Server running on [http://0.0.0.0:8000].  
2023-07-10T08:09:07: 
2023-07-10T08:09:07:   Press Ctrl+C to stop the server
2023-07-10T08:09:07: 
2023-07-10T08:09:07:   2023-07-10 08:09:07
2023-07-10T08:09:07:  ................................................... ~ 0s
2023-07-10T08:09:08:   2023-07-10 08:09:08
2023-07-10T08:09:08:  ................................................... ~ 0s
2023-07-10T08:09:09:   2023-07-10 08:09:09 ................................................... ~ 0s
2023-07-10T08:09:10: 
2023-07-10T08:09:10:    INFO  Server running on [http://0.0.0.0:8000].  
2023-07-10T08:09:10: 
2023-07-10T08:09:10:   Press Ctrl+C to stop the server
2023-07-10T08:09:10: 
2023-07-10T08:09:11:   2023-07-10 08:09:10
2023-07-10T08:09:11:  ................................................... ~ 0s
2023-07-10T08:09:12:   2023-07-10 08:09:11
2023-07-10T08:09:12:  ................................................... ~ 0s
2023-07-10T08:09:13:   2023-07-10 08:09:12
2023-07-10T08:09:13:  ...................................................
2023-07-10T08:09:13:  ~ 0s
2023-07-10T08:09:13: 
2023-07-10T08:09:13:    INFO  Server running on [http://0.0.0.0:8000].  
2023-07-10T08:09:13: 
2023-07-10T08:09:13:   Press Ctrl+C to stop the server
2023-07-10T08:09:13: 
2023-07-10T08:09:14:   2023-07-10 08:09:13 ................................................... ~ 1s
2023-07-10T08:09:15:   2023-07-10 08:09:15 ................................................... ~ 0s
2023-07-10T08:09:16:   2023-07-10 08:09:16 ................................................... ~ 0s
2023-07-10T08:09:17: 
2023-07-10T08:09:17:    INFO  Server running on [http://0.0.0.0:8000].  
2023-07-10T08:09:17: 
2023-07-10T08:09:17:   Press Ctrl+C to stop the server
2023-07-10T08:09:17: 
2023-07-10T08:09:18:   2023-07-10 08:09:17
2023-07-10T08:09:18:  ................................................... ~ 0s
2023-07-10T08:09:19:   2023-07-10 08:09:18
2023-07-10T08:09:19:  ................................................... ~ 0s
2023-07-10T08:09:20:   2023-07-10 08:09:20 ................................................... ~ 0s
2023-07-10T08:09:21: 
2023-07-10T08:09:21:    INFO  Server running on [http://0.0.0.0:8000].  
2023-07-10T08:09:21: 
2023-07-10T08:09:21:   Press Ctrl+C to stop the server
2023-07-10T08:09:21: 
2023-07-10T08:09:22:   2023-07-10 08:09:21 ................................................... ~ 1s
