2023-07-10T07:22:43: 
2023-07-10T07:22:43:    INFO  Server running on [http://0.0.0.0:8000].  
2023-07-10T07:22:43: 
2023-07-10T07:22:43:   Press Ctrl+C to stop the server
2023-07-10T07:22:43: 
2023-07-10T07:23:00: 
2023-07-10T07:23:00:    INFO  Server running on [http://0.0.0.0:8000].  
2023-07-10T07:23:00: 
2023-07-10T07:23:00:   Press Ctrl+C to stop the server
2023-07-10T07:23:00: 
2023-07-10T07:23:11:   2023-07-10 07:23:11 ................................................... ~ 0s
2023-07-10T07:23:12: 
2023-07-10T07:23:12:    INFO  Server running on [http://0.0.0.0:8000].  
2023-07-10T07:23:12: 
2023-07-10T07:23:12:   Press Ctrl+C to stop the server
2023-07-10T07:23:12: 
2023-07-10T07:23:12:   2023-07-10 07:23:12
2023-07-10T07:23:12:  /vendor/quill/quill.snow.css
2023-07-10T07:23:12:  ...................... ~ 0s
2023-07-10T07:23:12:   2023-07-10 07:23:12 /vendor/quill/quill.bubble.css .................... ~ 0s
2023-07-10T07:23:12:   2023-07-10 07:23:12 /vendor/boxicons/css/boxicons.min.css ............. ~ 0s
2023-07-10T07:23:12:   2023-07-10 07:23:12 /vendor/bootstrap-icons/bootstrap-icons.css ....... ~ 0s
2023-07-10T07:23:12:  ........... ~ 0s
2023-07-10T07:23:12:   2023-07-10 07:23:12 /vendor/simple-datatables/style.css ............... ~ 0s
2023-07-10T07:23:12:   2023-07-10 07:23:12 /css/style.css .................................... ~ 0s
2023-07-10T07:23:13:   2023-07-10 07:23:12
2023-07-10T07:23:13:  /vendor/bootstrap/js/bootstrap.bundle.min.js ...... ~ 0s
2023-07-10T07:23:13:  ~ 1s
2023-07-10T07:23:13:   2023-07-10 07:23:12 /vendor/quill/quill.min.js ........................ ~ 1s
2023-07-10T07:23:13:   2023-07-10 07:23:12 /vendor/simple-datatables/simple-datatables.js .... ~ 1s
2023-07-10T07:23:13:   2023-07-10 07:23:12
2023-07-10T07:23:13:  /vendor/apexcharts/apexcharts.min.js .............. ~ 1s
2023-07-10T07:23:13:  /vendor/php-email-form/validate.js ................ ~ 0s
2023-07-10T07:23:13:   2023-07-10 07:23:13 /js/main.js ....................................... ~ 0s
2023-07-10T07:23:13:   2023-07-10 07:23:13 /vendor/bootstrap-icons/fonts/bootstrap-icons.woff2?24e3eb84d0bcaf83d77f904c78ac1f47  ~ 0s
2023-07-10T07:23:13:  ~ 1s
2023-07-10T07:23:14:   2023-07-10 07:23:13
2023-07-10T07:23:14:  /vendor/tinymce/tinymce.min.js .................... ~ 0s
2023-07-10T07:23:14:   2023-07-10 07:23:13
2023-07-10T07:23:14:  ...................................................
2023-07-10T07:23:14:  ~ 1s
2023-07-10T07:23:14:  /vendor/echarts/echarts.min.js ....................
2023-07-10T07:23:14:  ~ 2s
2023-07-10T07:23:14:   2023-07-10 07:23:14 /img/favicon.png
2023-07-10T07:23:14:  ..................................
2023-07-10T07:23:14:  ~ 0s
2023-07-10T07:23:15: 
2023-07-10T07:23:15:    INFO  Server running on [http://0.0.0.0:8000].  
2023-07-10T07:23:15: 
2023-07-10T07:23:15:   Press Ctrl+C to stop the server
2023-07-10T07:23:15: 
2023-07-10T07:23:50: 
2023-07-10T07:23:50:    INFO  Server running on [http://0.0.0.0:8000].  
2023-07-10T07:23:50: 
2023-07-10T07:23:50:   Press Ctrl+C to stop the server
2023-07-10T07:23:50: 
2023-07-10T07:24:15: 
2023-07-10T07:24:15:    INFO  Server running on [http://0.0.0.0:8000].  
2023-07-10T07:24:15: 
2023-07-10T07:24:15:   Press Ctrl+C to stop the server
2023-07-10T07:24:15: 
2023-07-10T07:24:22: 
2023-07-10T07:24:22:    INFO  Server running on [http://0.0.0.0:8000].  
2023-07-10T07:24:22: 
2023-07-10T07:24:22:   Press Ctrl+C to stop the server
2023-07-10T07:24:22: 
2023-07-10T07:24:34: 
2023-07-10T07:24:34:    INFO  Server running on [http://0.0.0.0:8000].  
2023-07-10T07:24:34: 
2023-07-10T07:24:34:   Press Ctrl+C to stop the server
2023-07-10T07:24:34: 
2023-07-10T07:25:21: 
2023-07-10T07:25:21:    INFO  Server running on [http://0.0.0.0:8000].  
2023-07-10T07:25:21: 
2023-07-10T07:25:21:   Press Ctrl+C to stop the server
2023-07-10T07:25:21: 
2023-07-10T07:25:58: 
2023-07-10T07:25:58:    INFO  Server running on [http://0.0.0.0:8000].  
2023-07-10T07:25:58: 
2023-07-10T07:25:58:   Press Ctrl+C to stop the server
2023-07-10T07:25:58: 
2023-07-10T07:26:04: 
2023-07-10T07:26:04:    INFO  Server running on [http://0.0.0.0:8000].  
2023-07-10T07:26:04: 
2023-07-10T07:26:04:   Press Ctrl+C to stop the server
2023-07-10T07:26:04: 
2023-07-10T07:27:32: 
2023-07-10T07:27:32:    INFO  Server running on [http://0.0.0.0:8000].  
2023-07-10T07:27:32: 
2023-07-10T07:27:32:   Press Ctrl+C to stop the server
2023-07-10T07:27:32: 
2023-07-10T07:30:20: 
2023-07-10T07:30:20:    INFO  Server running on [http://0.0.0.0:8000].  
2023-07-10T07:30:20: 
2023-07-10T07:30:20:   Press Ctrl+C to stop the server
2023-07-10T07:30:20: 
2023-07-10T07:30:31: 
2023-07-10T07:30:31:    INFO  Server running on [http://0.0.0.0:8000].  
2023-07-10T07:30:31: 
2023-07-10T07:30:31:   Press Ctrl+C to stop the server
2023-07-10T07:30:31: 
2023-07-10T07:30:44: 
2023-07-10T07:30:44:    INFO  Server running on [http://0.0.0.0:8000].  
2023-07-10T07:30:44: 
2023-07-10T07:30:44:   Press Ctrl+C to stop the server
2023-07-10T07:30:44: 
2023-07-10T07:31:36: 
2023-07-10T07:31:36:    INFO  Server running on [http://0.0.0.0:8000].  
2023-07-10T07:31:36: 
2023-07-10T07:31:36:   Press Ctrl+C to stop the server
2023-07-10T07:31:36: 
2023-07-10T07:36:37: 
2023-07-10T07:36:37:    INFO  Server running on [http://0.0.0.0:8000].  
2023-07-10T07:36:37: 
2023-07-10T07:36:37:   Press Ctrl+C to stop the server
2023-07-10T07:36:37: 
2023-07-10T07:37:13:   2023-07-10 07:37:12 ................................................... ~ 1s
2023-07-10T07:37:13:   2023-07-10 07:37:13 ................................................... ~ 0s
2023-07-10T07:37:13:   2023-07-10 07:37:13 ................................................... ~ 0s
2023-07-10T07:37:14: 
2023-07-10T07:37:14:    INFO  Server running on [http://0.0.0.0:8000].  
2023-07-10T07:37:14: 
2023-07-10T07:37:14:   Press Ctrl+C to stop the server
2023-07-10T07:37:14: 
2023-07-10T07:37:28: 
2023-07-10T07:37:28:    INFO  Server running on [http://0.0.0.0:8000].  
2023-07-10T07:37:28: 
2023-07-10T07:37:28:   Press Ctrl+C to stop the server
2023-07-10T07:37:28: 
2023-07-10T07:38:51: 
2023-07-10T07:38:51:    INFO  Server running on [http://0.0.0.0:8000].  
2023-07-10T07:38:51: 
2023-07-10T07:38:51:   Press Ctrl+C to stop the server
2023-07-10T07:38:51: 
2023-07-10T07:40:28: 
2023-07-10T07:40:28:    INFO  Server running on [http://0.0.0.0:8000].  
2023-07-10T07:40:28: 
2023-07-10T07:40:28:   Press Ctrl+C to stop the server
2023-07-10T07:40:28: 
2023-07-10T07:40:36: 
2023-07-10T07:40:36:    INFO  Server running on [http://0.0.0.0:8000].  
2023-07-10T07:40:36: 
2023-07-10T07:40:36:   Press Ctrl+C to stop the server
2023-07-10T07:40:36: 
2023-07-10T07:40:36:   2023-07-10 07:40:36
2023-07-10T07:40:36:  ................................................... ~ 0s
2023-07-10T07:40:40:   2023-07-10 07:40:36
2023-07-10T07:40:40:  ...................................................
2023-07-10T07:40:40:  ~ 4s
2023-07-10T07:40:41: 
2023-07-10T07:40:41:    INFO  Server running on [http://0.0.0.0:8000].  
2023-07-10T07:40:41: 
2023-07-10T07:40:41:   Press Ctrl+C to stop the server
2023-07-10T07:40:41: 
2023-07-10T07:40:56: 
2023-07-10T07:40:56:    INFO  Server running on [http://0.0.0.0:8000].  
2023-07-10T07:40:56: 
2023-07-10T07:40:56:   Press Ctrl+C to stop the server
2023-07-10T07:40:56: 
2023-07-10T07:41:34: 
2023-07-10T07:41:34:    INFO  Server running on [http://0.0.0.0:8000].  
2023-07-10T07:41:34: 
2023-07-10T07:41:34:   Press Ctrl+C to stop the server
2023-07-10T07:41:34: 
2023-07-10T07:41:52: 
2023-07-10T07:41:52:    INFO  Server running on [http://0.0.0.0:8000].  
2023-07-10T07:41:52: 
2023-07-10T07:41:52:   Press Ctrl+C to stop the server
2023-07-10T07:41:52: 
2023-07-10T07:42:58:   2023-07-10 07:41:52
2023-07-10T07:42:58:  .................................................. ~ 66s
2023-07-10T07:42:59: 
2023-07-10T07:42:59:    INFO  Server running on [http://0.0.0.0:8000].  
2023-07-10T07:42:59: 
2023-07-10T07:42:59:   Press Ctrl+C to stop the server
2023-07-10T07:42:59: 
2023-07-10T07:47:20:   2023-07-10 07:47:20 ................................................... ~ 0s
2023-07-10T07:47:20:   2023-07-10 07:47:20 /robots.txt ....................................... ~ 0s
2023-07-10T07:47:21: 
2023-07-10T07:47:21:    INFO  Server running on [http://0.0.0.0:8000].  
2023-07-10T07:47:21: 
2023-07-10T07:47:21:   Press Ctrl+C to stop the server
2023-07-10T07:47:21: 
2023-07-10T07:48:11: 
2023-07-10T07:48:11:    INFO  Server running on [http://0.0.0.0:8000].  
2023-07-10T07:48:11: 
2023-07-10T07:48:11:   Press Ctrl+C to stop the server
2023-07-10T07:48:11: 
2023-07-10T07:48:36:    WARN  103.162.62.22:46174 Invalid request (Unsupported SSL request).  
2023-07-10T07:48:36: 
2023-07-10T07:48:36:  ................................................... ~ 0s
2023-07-10T07:48:36:    WARN  103.162.62.22:46160 Invalid request (Unsupported SSL request).  
2023-07-10T07:48:36: 
2023-07-10T07:48:36:   2023-07-10 07:48:36 ................................................... ~ 0s
2023-07-10T07:48:36:    WARN  103.162.62.22:46192 Invalid request (Unsupported SSL request).  
2023-07-10T07:48:36: 
2023-07-10T07:48:36:  ................................................... ~ 0s
2023-07-10T07:48:36:    WARN  103.162.62.22:46180 Invalid request (Unsupported SSL request).  
2023-07-10T07:48:36: 
2023-07-10T07:48:36:   2023-07-10 07:48:36 ................................................... ~ 0s
2023-07-10T07:48:37: 
2023-07-10T07:48:37:    INFO  Server running on [http://0.0.0.0:8000].  
2023-07-10T07:48:37: 
2023-07-10T07:48:37:   Press Ctrl+C to stop the server
2023-07-10T07:48:37: 
2023-07-10T07:48:37:    WARN  103.162.62.22:46208 Invalid request (Unsupported SSL request).  
2023-07-10T07:48:37: 
2023-07-10T07:48:37:   2023-07-10 07:48:37
2023-07-10T07:48:37:  ................................................... ~ 0s
2023-07-10T07:48:37:    WARN  103.162.62.22:46210 Invalid request (Unsupported SSL request).  
2023-07-10T07:48:37: 
2023-07-10T07:48:37:   2023-07-10 07:48:37 ................................................... ~ 0s
2023-07-10T07:48:37:    WARN  103.162.62.22:46218 Invalid request (Unsupported SSL request).  
2023-07-10T07:48:37: 
2023-07-10T07:48:37:   2023-07-10 07:48:37 ................................................... ~ 0s
2023-07-10T07:48:37:    WARN  103.162.62.22:46232 Invalid request (Unsupported SSL request).  
2023-07-10T07:48:37: 
2023-07-10T07:48:37:   2023-07-10 07:48:37 ................................................... ~ 0s
2023-07-10T07:48:49:   2023-07-10 07:48:49 ................................................... ~ 0s
2023-07-10T07:48:50: 
2023-07-10T07:48:50:    INFO  Server running on [http://0.0.0.0:8000].  
2023-07-10T07:48:50: 
2023-07-10T07:48:50:   Press Ctrl+C to stop the server
2023-07-10T07:48:50: 
2023-07-10T07:48:51:   2023-07-10 07:48:50 ................................................... ~ 0s
2023-07-10T07:48:51:   2023-07-10 07:48:50 /vendor/quill/quill.snow.css ...................... ~ 0s
2023-07-10T07:48:51:   2023-07-10 07:48:50 /vendor/quill/quill.bubble.css .................... ~ 0s
2023-07-10T07:48:51:  ............. ~ 1s
2023-07-10T07:48:51:   2023-07-10 07:48:50
2023-07-10T07:48:51:  /vendor/bootstrap-icons/bootstrap-icons.css ....... ~ 1s
2023-07-10T07:48:51:   2023-07-10 07:48:50 /vendor/bootstrap/css/bootstrap.min.css ........... ~ 1s
2023-07-10T07:48:51:  ~ 1s
2023-07-10T07:48:51:   2023-07-10 07:48:51 /vendor/simple-datatables/style.css ............... ~ 0s
2023-07-10T07:48:51:   2023-07-10 07:48:51 /css/style.css .................................... ~ 0s
2023-07-10T07:48:51:   2023-07-10 07:48:51 /vendor/bootstrap/js/bootstrap.bundle.min.js ...... ~ 0s
2023-07-10T07:48:52:   2023-07-10 07:48:51
2023-07-10T07:48:52:  /vendor/chart.js/chart.umd.js ..................... ~ 0s
2023-07-10T07:48:52:  .............. ~ 0s
2023-07-10T07:48:52:   2023-07-10 07:48:51 /vendor/bootstrap-icons/fonts/bootstrap-icons.woff2?24e3eb84d0bcaf83d77f904c78ac1f47  ~ 0s
2023-07-10T07:48:52:   2023-07-10 07:48:51 /vendor/quill/quill.min.js ........................ ~ 0s
2023-07-10T07:48:52:   2023-07-10 07:48:51 /vendor/simple-datatables/simple-datatables.js .... ~ 0s
2023-07-10T07:48:52:   2023-07-10 07:48:52 /vendor/php-email-form/validate.js ................ ~ 0s
2023-07-10T07:48:52:   2023-07-10 07:48:52 /js/main.js ....................................... ~ 0s
2023-07-10T07:48:52:   2023-07-10 07:48:51 /vendor/echarts/echarts.min.js .................... ~ 1s
2023-07-10T07:48:52:   2023-07-10 07:48:51 /vendor/tinymce/tinymce.min.js .................... ~ 1s
2023-07-10T07:48:53:   2023-07-10 07:48:52 /img/favicon.png .................................. ~ 0s
2023-07-10T07:48:53:   2023-07-10 07:48:52 /img/favicon.png .................................. ~ 0s
2023-07-10T07:48:53: 
2023-07-10T07:48:53:    INFO  Server running on [http://0.0.0.0:8000].  
2023-07-10T07:48:53: 
2023-07-10T07:48:53:   Press Ctrl+C to stop the server
2023-07-10T07:48:53: 
2023-07-10T07:49:41: 
2023-07-10T07:49:41:    INFO  Server running on [http://0.0.0.0:8000].  
2023-07-10T07:49:41: 
2023-07-10T07:49:41:   Press Ctrl+C to stop the server
2023-07-10T07:49:41: 
2023-07-10T07:49:43:   2023-07-10 07:49:43
2023-07-10T07:49:43:  ................................................... ~ 0s
2023-07-10T07:49:43:   2023-07-10 07:49:43 ................................................... ~ 0s
2023-07-10T07:49:44: 
2023-07-10T07:49:44:    INFO  Server running on [http://0.0.0.0:8000].  
2023-07-10T07:49:44: 
2023-07-10T07:49:44:   Press Ctrl+C to stop the server
2023-07-10T07:49:44: 
2023-07-10T07:49:57:   2023-07-10 07:49:57
2023-07-10T07:49:57:  ................................................... ~ 0s
2023-07-10T07:49:58:   2023-07-10 07:49:57 ................................................... ~ 1s
2023-07-10T07:49:58: 
2023-07-10T07:49:58:    INFO  Server running on [http://0.0.0.0:8000].  
2023-07-10T07:49:58: 
2023-07-10T07:49:58:   Press Ctrl+C to stop the server
2023-07-10T07:49:58: 
2023-07-10T07:50:11:   2023-07-10 07:50:10
2023-07-10T07:50:11:  ................................................... ~ 0s
2023-07-10T07:50:11:   2023-07-10 07:50:11 ................................................... ~ 0s
2023-07-10T07:50:11:   2023-07-10 07:50:11 /vendor/bootstrap/css/bootstrap.min.css ........... ~ 0s
2023-07-10T07:50:11:   2023-07-10 07:50:11 /vendor/bootstrap-icons/bootstrap-icons.css ....... ~ 0s
2023-07-10T07:50:11:   2023-07-10 07:50:11 /vendor/boxicons/css/boxicons.min.css ............. ~ 0s
2023-07-10T07:50:11:   2023-07-10 07:50:11 /vendor/quill/quill.snow.css ...................... ~ 0s
2023-07-10T07:50:11:   2023-07-10 07:50:11 /vendor/quill/quill.bubble.css .................... ~ 0s
2023-07-10T07:50:11:   2023-07-10 07:50:11 /vendor/remixicon/remixicon.css ................... ~ 0s
2023-07-10T07:50:11:   2023-07-10 07:50:11 /vendor/simple-datatables/style.css ............... ~ 0s
2023-07-10T07:50:12: 
2023-07-10T07:50:12:    INFO  Server running on [http://0.0.0.0:8000].  
2023-07-10T07:50:12: 
2023-07-10T07:50:12:   Press Ctrl+C to stop the server
2023-07-10T07:50:12: 
2023-07-10T07:50:42: 
2023-07-10T07:50:42:    INFO  Server running on [http://0.0.0.0:8000].  
2023-07-10T07:50:42: 
2023-07-10T07:50:42:   Press Ctrl+C to stop the server
2023-07-10T07:50:42: 
2023-07-10T07:53:29:   2023-07-10 07:53:29
2023-07-10T07:53:29:  ................................................... ~ 0s
2023-07-10T07:53:29:   2023-07-10 07:53:29
2023-07-10T07:53:29:  ...................................................
2023-07-10T07:53:29:  ~ 0s
2023-07-10T07:53:30: 
2023-07-10T07:53:30:    INFO  Server running on [http://0.0.0.0:8000].  
2023-07-10T07:53:30: 
2023-07-10T07:53:30:   Press Ctrl+C to stop the server
2023-07-10T07:53:30: 
2023-07-10T07:53:30:   2023-07-10 07:53:30 /vendor/bootstrap/css/bootstrap.min.css ........... ~ 0s
2023-07-10T07:53:30:  ....... ~ 0s
2023-07-10T07:53:30:  ............. ~ 0s
2023-07-10T07:53:30:   2023-07-10 07:53:30 /vendor/quill/quill.snow.css
2023-07-10T07:53:30:  ......................
2023-07-10T07:53:30:  ~ 0s
2023-07-10T07:53:30:  /vendor/quill/quill.bubble.css
2023-07-10T07:53:30:  .................... ~ 0s
2023-07-10T07:53:30:   2023-07-10 07:53:30 /vendor/remixicon/remixicon.css
2023-07-10T07:53:30:  ...................
2023-07-10T07:53:30:  ~ 0s
2023-07-10T07:53:32:   2023-07-10 07:53:32 /vendor/simple-datatables/style.css ............... ~ 0s
2023-07-10T07:53:32:  ~ 0s
2023-07-10T07:53:33:   2023-07-10 07:53:32
2023-07-10T07:53:33:  /vendor/apexcharts/apexcharts.min.js .............. ~ 0s
2023-07-10T07:53:33:   2023-07-10 07:53:32 /vendor/bootstrap/js/bootstrap.bundle.min.js ...... ~ 0s
2023-07-10T07:53:33:  ~ 0s
2023-07-10T07:53:33:   2023-07-10 07:53:32 /vendor/echarts/echarts.min.js .................... ~ 0s
2023-07-10T07:53:33:   2023-07-10 07:53:32 /vendor/quill/quill.min.js ........................ ~ 0s
2023-07-10T07:53:33: 
2023-07-10T07:53:33:    INFO  Server running on [http://0.0.0.0:8000].  
2023-07-10T07:53:33: 
2023-07-10T07:53:33:   Press Ctrl+C to stop the server
2023-07-10T07:53:33: 
2023-07-10T07:53:33:   2023-07-10 07:53:33 /vendor/simple-datatables/simple-datatables.js .... ~ 0s
2023-07-10T07:53:34:   2023-07-10 07:53:34
2023-07-10T07:53:34:  /vendor/bootstrap-icons/fonts/bootstrap-icons.woff2?24e3eb84d0bcaf83d77f904c78ac1f47  ~ 0s
2023-07-10T07:53:35:   2023-07-10 07:53:35 /vendor/tinymce/tinymce.min.js .................... ~ 0s
2023-07-10T07:53:35:   2023-07-10 07:53:35 /vendor/php-email-form/validate.js ................ ~ 0s
2023-07-10T07:53:35:   2023-07-10 07:53:35 /js/main.js ....................................... ~ 0s
2023-07-10T07:53:46:   2023-07-10 07:53:46 /img/favicon.png .................................. ~ 0s
2023-07-10T07:53:47: 
2023-07-10T07:53:47:    INFO  Server running on [http://0.0.0.0:8000].  
2023-07-10T07:53:47: 
2023-07-10T07:53:47:   Press Ctrl+C to stop the server
2023-07-10T07:53:47: 
2023-07-10T07:53:48:   2023-07-10 07:53:48 /img/favicon.png
2023-07-10T07:53:48:  .................................. ~ 0s
2023-07-10T07:54:11:   2023-07-10 07:54:10
2023-07-10T07:54:11:  ................................................... ~ 0s
2023-07-10T07:54:11:   2023-07-10 07:54:11 /vendor/bootstrap/css/bootstrap.min.css ........... ~ 0s
2023-07-10T07:54:11:   2023-07-10 07:54:11 /vendor/bootstrap-icons/bootstrap-icons.css ....... ~ 0s
2023-07-10T07:54:11:   2023-07-10 07:54:11 /vendor/boxicons/css/boxicons.min.css ............. ~ 0s
2023-07-10T07:54:11:   2023-07-10 07:54:11 /vendor/quill/quill.snow.css ...................... ~ 0s
2023-07-10T07:54:11:   2023-07-10 07:54:11 /vendor/remixicon/remixicon.css ................... ~ 0s
2023-07-10T07:54:11:   2023-07-10 07:54:11 /vendor/quill/quill.bubble.css .................... ~ 0s
2023-07-10T07:54:11: 
2023-07-10T07:54:11:    INFO  Server running on [http://0.0.0.0:8000].  
2023-07-10T07:54:11: 
2023-07-10T07:54:11:   Press Ctrl+C to stop the server
2023-07-10T07:54:11: 
2023-07-10T07:54:12:   2023-07-10 07:54:12 /vendor/simple-datatables/style.css ............... ~ 0s
2023-07-10T07:54:12:   2023-07-10 07:54:12 /css/style.css .................................... ~ 0s
2023-07-10T07:54:13:   2023-07-10 07:54:13 /vendor/apexcharts/apexcharts.min.js .............. ~ 0s
2023-07-10T07:54:13:   2023-07-10 07:54:13 /vendor/bootstrap/js/bootstrap.bundle.min.js ...... ~ 0s
2023-07-10T07:54:13:   2023-07-10 07:54:13 /vendor/chart.js/chart.umd.js ..................... ~ 0s
2023-07-10T07:54:13:   2023-07-10 07:54:13 /vendor/echarts/echarts.min.js .................... ~ 0s
2023-07-10T07:54:14:   2023-07-10 07:54:14 /vendor/quill/quill.min.js ........................ ~ 0s
2023-07-10T07:54:14:   2023-07-10 07:54:14 /vendor/simple-datatables/simple-datatables.js .... ~ 0s
2023-07-10T07:54:15: 
2023-07-10T07:54:15:    INFO  Server running on [http://0.0.0.0:8000].  
2023-07-10T07:54:15: 
2023-07-10T07:54:15:   Press Ctrl+C to stop the server
2023-07-10T07:54:15: 
2023-07-10T07:54:15:  /vendor/bootstrap-icons/fonts/bootstrap-icons.woff2?24e3eb84d0bcaf83d77f904c78ac1f47 
2023-07-10T07:54:15:  ~ 0s
2023-07-10T07:54:20:   2023-07-10 07:54:20
2023-07-10T07:54:20:  /vendor/tinymce/tinymce.min.js .................... ~ 0s
2023-07-10T07:54:20:   2023-07-10 07:54:20 /vendor/php-email-form/validate.js ................ ~ 0s
2023-07-10T07:54:21: 
2023-07-10T07:54:21:    INFO  Server running on [http://0.0.0.0:8000].  
2023-07-10T07:54:21: 
2023-07-10T07:54:21:   Press Ctrl+C to stop the server
2023-07-10T07:54:21: 
2023-07-10T07:55:33:   2023-07-10 07:55:32
2023-07-10T07:55:33:  /img/favicon.png
2023-07-10T07:55:33:  .................................. ~ 0s
2023-07-10T07:55:34: 
2023-07-10T07:55:34:    INFO  Server running on [http://0.0.0.0:8000].  
2023-07-10T07:55:34: 
2023-07-10T07:55:34:   Press Ctrl+C to stop the server
2023-07-10T07:55:34: 
2023-07-10T07:57:24: 
2023-07-10T07:57:24:    INFO  Server running on [http://0.0.0.0:8000].  
2023-07-10T07:57:24: 
2023-07-10T07:57:24:   Press Ctrl+C to stop the server
2023-07-10T07:57:24: 
2023-07-10T07:57:46: 
2023-07-10T07:57:46:    INFO  Server running on [http://0.0.0.0:8000].  
2023-07-10T07:57:46: 
2023-07-10T07:57:46:   Press Ctrl+C to stop the server
2023-07-10T07:57:46: 
2023-07-10T07:57:48:   2023-07-10 07:57:47 ...................................................
2023-07-10T07:57:48:  ~ 0s
2023-07-10T07:58:04: 
2023-07-10T07:58:04:    INFO  Server running on [http://0.0.0.0:8000].  
2023-07-10T07:58:04: 
2023-07-10T07:58:04:   Press Ctrl+C to stop the server
2023-07-10T07:58:04: 
2023-07-10T07:58:04:   2023-07-10 07:58:04 ................................................... ~ 0s
2023-07-10T07:58:10:   2023-07-10 07:58:10
2023-07-10T07:58:10:  ...................................................
2023-07-10T07:58:10:  ~ 0s
2023-07-10T07:58:11: 
2023-07-10T07:58:11:    INFO  Server running on [http://0.0.0.0:8000].  
2023-07-10T07:58:11: 
2023-07-10T07:58:11:   Press Ctrl+C to stop the server
2023-07-10T07:58:11: 
2023-07-10T07:58:12:   2023-07-10 07:58:11
2023-07-10T07:58:12:  ................................................... ~ 0s
2023-07-10T07:58:12:   2023-07-10 07:58:11 /vendor/quill/quill.snow.css ...................... ~ 1s
2023-07-10T07:58:12:   2023-07-10 07:58:11 /vendor/bootstrap/css/bootstrap.min.css ........... ~ 1s
2023-07-10T07:58:12:   2023-07-10 07:58:11
2023-07-10T07:58:12:  /vendor/bootstrap-icons/bootstrap-icons.css ....... ~ 1s
2023-07-10T07:58:12:   2023-07-10 07:58:11 /vendor/boxicons/css/boxicons.min.css ............. ~ 1s
2023-07-10T07:58:12:  /vendor/quill/quill.bubble.css .................... ~ 1s
2023-07-10T07:58:14:   2023-07-10 07:58:14 /vendor/simple-datatables/style.css ............... ~ 0s
2023-07-10T07:58:15: 
2023-07-10T07:58:15:    INFO  Server running on [http://0.0.0.0:8000].  
2023-07-10T07:58:15: 
2023-07-10T07:58:15:   Press Ctrl+C to stop the server
2023-07-10T07:58:15: 
2023-07-10T07:58:15:  ....................................
2023-07-10T07:58:15:  ~ 0s
2023-07-10T07:58:16:   2023-07-10 07:58:15
2023-07-10T07:58:16:  /vendor/bootstrap/js/bootstrap.bundle.min.js ...... ~ 0s
2023-07-10T07:58:16:   2023-07-10 07:58:16 /vendor/chart.js/chart.umd.js ..................... ~ 0s
2023-07-10T07:58:17:   2023-07-10 07:58:15
2023-07-10T07:58:17:  /vendor/apexcharts/apexcharts.min.js .............. ~ 1s
2023-07-10T07:58:17:   2023-07-10 07:58:17
2023-07-10T07:58:17:  /vendor/quill/quill.min.js ........................ ~ 0s
2023-07-10T07:58:18:   2023-07-10 07:58:17 /vendor/bootstrap/js/bootstrap.bundle.min.js ...... ~ 0s
2023-07-10T07:58:18:   2023-07-10 07:58:17 /vendor/simple-datatables/simple-datatables.js .... ~ 1s
2023-07-10T07:58:18:   2023-07-10 07:58:17 /vendor/bootstrap-icons/fonts/bootstrap-icons.woff2?24e3eb84d0bcaf83d77f904c78ac1f47  ~ 1s
2023-07-10T07:58:18: 
2023-07-10T07:58:18:    INFO  Server running on [http://0.0.0.0:8000].  
2023-07-10T07:58:18: 
2023-07-10T07:58:18:   Press Ctrl+C to stop the server
2023-07-10T07:58:18: 
2023-07-10T07:58:18:  ................ ~ 0s
2023-07-10T07:58:18:  /js/main.js
2023-07-10T07:58:18:  .......................................
2023-07-10T07:58:18:  ~ 0s
2023-07-10T07:58:18:   2023-07-10 07:58:18 /js/main.js ....................................... ~ 0s
2023-07-10T07:58:19:   2023-07-10 07:58:19
2023-07-10T07:58:19:  /img/favicon.png .................................. ~ 0s
2023-07-10T07:58:19:   2023-07-10 07:58:19 /img/favicon.png .................................. ~ 0s
2023-07-10T07:58:19:   2023-07-10 07:58:18 /vendor/quill/quill.min.js ........................ ~ 1s
2023-07-10T07:58:19:   2023-07-10 07:58:18 /vendor/simple-datatables/simple-datatables.js .... ~ 1s
2023-07-10T07:58:20:   2023-07-10 07:58:19 /vendor/php-email-form/validate.js ................ ~ 0s
2023-07-10T07:58:21:   2023-07-10 07:58:18 /vendor/apexcharts/apexcharts.min.js .............. ~ 3s
2023-07-10T07:58:22: 
2023-07-10T07:58:22:    INFO  Server running on [http://0.0.0.0:8000].  
2023-07-10T07:58:22: 
2023-07-10T07:58:22:   Press Ctrl+C to stop the server
2023-07-10T07:58:22: 
2023-07-10T07:58:27: 
2023-07-10T07:58:27:    INFO  Server running on [http://0.0.0.0:8000].  
2023-07-10T07:58:27: 
2023-07-10T07:58:27:   Press Ctrl+C to stop the server
2023-07-10T07:58:27: 
2023-07-10T07:58:48: 
2023-07-10T07:58:48:    INFO  Server running on [http://0.0.0.0:8000].  
2023-07-10T07:58:48: 
2023-07-10T07:58:48:   Press Ctrl+C to stop the server
2023-07-10T07:58:48: 
2023-07-10T07:58:53: 
2023-07-10T07:58:53:    INFO  Server running on [http://0.0.0.0:8000].  
2023-07-10T07:58:53: 
2023-07-10T07:58:53:   Press Ctrl+C to stop the server
2023-07-10T07:58:53: 
